This is pdfTeX, Version 3.14159265-2.6-1.40.20 (TeX Live 2019) (preloaded format=pdflatex 2020.2.8)  22 FEB 2020 07:24
entering extended mode
 restricted \write18 enabled.
 %&-line parsing enabled.
**fforms.tex
(./fforms.tex
LaTeX2e <2020-02-02>
L3 programming layer <2020-02-03>
(/Users/thiyangashaminitalagala/Library/TinyTeX/texmf-dist/tex/latex/base/artic
le.cls
Document Class: article 2019/12/20 v1.4l Standard LaTeX document class

(/Users/thiyangashaminitalagala/Library/TinyTeX/texmf-dist/tex/latex/base/size1
1.clo
File: size11.clo 2019/12/20 v1.4l Standard LaTeX file (size option)
)
\c@part=\count167
\c@section=\count168
\c@subsection=\count169
\c@subsubsection=\count170
\c@paragraph=\count171
\c@subparagraph=\count172
\c@figure=\count173
\c@table=\count174
\abovecaptionskip=\skip47
\belowcaptionskip=\skip48
\bibindent=\dimen134
)
(/Users/thiyangashaminitalagala/Library/TinyTeX/texmf-dist/tex/latex/lm/lmodern
.sty
Package: lmodern 2009/10/30 v1.6 Latin Modern Fonts
LaTeX Font Info:    Overwriting symbol font `operators' in version `normal'
(Font)                  OT1/cmr/m/n --> OT1/lmr/m/n on input line 22.
LaTeX Font Info:    Overwriting symbol font `letters' in version `normal'
(Font)                  OML/cmm/m/it --> OML/lmm/m/it on input line 23.
LaTeX Font Info:    Overwriting symbol font `symbols' in version `normal'
(Font)                  OMS/cmsy/m/n --> OMS/lmsy/m/n on input line 24.
LaTeX Font Info:    Overwriting symbol font `largesymbols' in version `normal'
(Font)                  OMX/cmex/m/n --> OMX/lmex/m/n on input line 25.
LaTeX Font Info:    Overwriting symbol font `operators' in version `bold'
(Font)                  OT1/cmr/bx/n --> OT1/lmr/bx/n on input line 26.
LaTeX Font Info:    Overwriting symbol font `letters' in version `bold'
(Font)                  OML/cmm/b/it --> OML/lmm/b/it on input line 27.
LaTeX Font Info:    Overwriting symbol font `symbols' in version `bold'
(Font)                  OMS/cmsy/b/n --> OMS/lmsy/b/n on input line 28.
LaTeX Font Info:    Overwriting symbol font `largesymbols' in version `bold'
(Font)                  OMX/cmex/m/n --> OMX/lmex/m/n on input line 29.
LaTeX Font Info:    Overwriting math alphabet `\mathbf' in version `normal'
(Font)                  OT1/cmr/bx/n --> OT1/lmr/bx/n on input line 31.
LaTeX Font Info:    Overwriting math alphabet `\mathsf' in version `normal'
(Font)                  OT1/cmss/m/n --> OT1/lmss/m/n on input line 32.
LaTeX Font Info:    Overwriting math alphabet `\mathit' in version `normal'
(Font)                  OT1/cmr/m/it --> OT1/lmr/m/it on input line 33.
LaTeX Font Info:    Overwriting math alphabet `\mathtt' in version `normal'
(Font)                  OT1/cmtt/m/n --> OT1/lmtt/m/n on input line 34.
LaTeX Font Info:    Overwriting math alphabet `\mathbf' in version `bold'
(Font)                  OT1/cmr/bx/n --> OT1/lmr/bx/n on input line 35.
LaTeX Font Info:    Overwriting math alphabet `\mathsf' in version `bold'
(Font)                  OT1/cmss/bx/n --> OT1/lmss/bx/n on input line 36.
LaTeX Font Info:    Overwriting math alphabet `\mathit' in version `bold'
(Font)                  OT1/cmr/bx/it --> OT1/lmr/bx/it on input line 37.
LaTeX Font Info:    Overwriting math alphabet `\mathtt' in version `bold'
(Font)                  OT1/cmtt/m/n --> OT1/lmtt/m/n on input line 38.
)
(/Users/thiyangashaminitalagala/Library/TinyTeX/texmf-dist/tex/latex/amsfonts/a
mssymb.sty
Package: amssymb 2013/01/14 v3.01 AMS font symbols

(/Users/thiyangashaminitalagala/Library/TinyTeX/texmf-dist/tex/latex/amsfonts/a
msfonts.sty
Package: amsfonts 2013/01/14 v3.01 Basic AMSFonts support
\@emptytoks=\toks14
\symAMSa=\mathgroup4
\symAMSb=\mathgroup5
LaTeX Font Info:    Redeclaring math symbol \hbar on input line 98.
LaTeX Font Info:    Overwriting math alphabet `\mathfrak' in version `bold'
(Font)                  U/euf/m/n --> U/euf/b/n on input line 106.
))
(/Users/thiyangashaminitalagala/Library/TinyTeX/texmf-dist/tex/latex/amsmath/am
smath.sty
Package: amsmath 2020/01/20 v2.17e AMS math features
\@mathmargin=\skip49
For additional information on amsmath, use the `?' option.

(/Users/thiyangashaminitalagala/Library/TinyTeX/texmf-dist/tex/latex/amsmath/am
stext.sty
Package: amstext 2000/06/29 v2.01 AMS text

(/Users/thiyangashaminitalagala/Library/TinyTeX/texmf-dist/tex/latex/amsmath/am
sgen.sty
File: amsgen.sty 1999/11/30 v2.0 generic functions
\@emptytoks=\toks15
\ex@=\dimen135
))
(/Users/thiyangashaminitalagala/Library/TinyTeX/texmf-dist/tex/latex/amsmath/am
sbsy.sty
Package: amsbsy 1999/11/29 v1.2d Bold Symbols
\pmbraise@=\dimen136
)
(/Users/thiyangashaminitalagala/Library/TinyTeX/texmf-dist/tex/latex/amsmath/am
sopn.sty
Package: amsopn 2016/03/08 v2.02 operator names
)
\inf@bad=\count175
LaTeX Info: Redefining \frac on input line 227.
\uproot@=\count176
\leftroot@=\count177
LaTeX Info: Redefining \overline on input line 389.
\classnum@=\count178
\DOTSCASE@=\count179
LaTeX Info: Redefining \ldots on input line 486.
LaTeX Info: Redefining \dots on input line 489.
LaTeX Info: Redefining \cdots on input line 610.
\Mathstrutbox@=\box45
\strutbox@=\box46
\big@size=\dimen137
LaTeX Font Info:    Redeclaring font encoding OML on input line 733.
LaTeX Font Info:    Redeclaring font encoding OMS on input line 734.
\macc@depth=\count180
\c@MaxMatrixCols=\count181
\dotsspace@=\muskip16
\c@parentequation=\count182
\dspbrk@lvl=\count183
\tag@help=\toks16
\row@=\count184
\column@=\count185
\maxfields@=\count186
\andhelp@=\toks17
\eqnshift@=\dimen138
\alignsep@=\dimen139
\tagshift@=\dimen140
\tagwidth@=\dimen141
\totwidth@=\dimen142
\lineht@=\dimen143
\@envbody=\toks18
\multlinegap=\skip50
\multlinetaggap=\skip51
\mathdisplay@stack=\toks19
LaTeX Info: Redefining \[ on input line 2859.
LaTeX Info: Redefining \] on input line 2860.
)
(/Users/thiyangashaminitalagala/Library/TinyTeX/texmf-dist/tex/generic/iftex/if
xetex.sty
Package: ifxetex 2019/10/25 v0.7 ifxetex legacy package. Use iftex instead.

(/Users/thiyangashaminitalagala/Library/TinyTeX/texmf-dist/tex/generic/iftex/if
tex.sty
Package: iftex 2019/11/07 v1.0c TeX engine tests
))
(/Users/thiyangashaminitalagala/Library/TinyTeX/texmf-dist/tex/generic/iftex/if
luatex.sty
Package: ifluatex 2019/10/25 v1.5 ifluatex legacy package. Use iftex instead.
)
(/Users/thiyangashaminitalagala/Library/TinyTeX/texmf-dist/tex/latex/base/fixlt
x2e.sty
Package: fixltx2e 2016/12/29 v2.1a fixes to LaTeX (obsolete)
Applying: [2015/01/01] Old fixltx2e package on input line 46.

Package fixltx2e Warning: fixltx2e is not required with releases after 2015
(fixltx2e)                All fixes are now in the LaTeX kernel.
(fixltx2e)                See the latexrelease package for details.

Already applied: [0000/00/00] Old fixltx2e package on input line 53.
)
(/Users/thiyangashaminitalagala/Library/TinyTeX/texmf-dist/tex/latex/base/fonte
nc.sty
Package: fontenc 2020/01/25 v2.0m Standard LaTeX package
LaTeX Font Info:    Trying to load font information for T1+lmr on input line 11
2.

(/Users/thiyangashaminitalagala/Library/TinyTeX/texmf-dist/tex/latex/lm/t1lmr.f
d
File: t1lmr.fd 2009/10/30 v1.6 Font defs for Latin Modern
))
(/Users/thiyangashaminitalagala/Library/TinyTeX/texmf-dist/tex/latex/base/input
enc.sty
Package: inputenc 2018/08/11 v1.3c Input encoding file
\inpenc@prehook=\toks20
\inpenc@posthook=\toks21
)
(/Users/thiyangashaminitalagala/Library/TinyTeX/texmf-dist/tex/latex/upquote/up
quote.sty
Package: upquote 2012/04/19 v1.3 upright-quote and grave-accent glyphs in verba
tim

(/Users/thiyangashaminitalagala/Library/TinyTeX/texmf-dist/tex/latex/base/textc
omp.sty
Package: textcomp 2020/02/02 v2.0m Standard LaTeX package
))
(/Users/thiyangashaminitalagala/Library/TinyTeX/texmf-dist/tex/latex/microtype/
microtype.sty
Package: microtype 2019/11/18 v2.7d Micro-typographical refinements (RS)

(/Users/thiyangashaminitalagala/Library/TinyTeX/texmf-dist/tex/latex/graphics/k
eyval.sty
Package: keyval 2014/10/28 v1.15 key=value parser (DPC)
\KV@toks@=\toks22
)
\MT@toks=\toks23
\MT@count=\count187
LaTeX Info: Redefining \textls on input line 790.
\MT@outer@kern=\dimen144
LaTeX Info: Redefining \textmicrotypecontext on input line 1354.
\MT@listname@count=\count188

(/Users/thiyangashaminitalagala/Library/TinyTeX/texmf-dist/tex/latex/microtype/
microtype-pdftex.def
File: microtype-pdftex.def 2019/11/18 v2.7d Definitions specific to pdftex (RS)

LaTeX Info: Redefining \lsstyle on input line 914.
LaTeX Info: Redefining \lslig on input line 914.
\MT@outer@space=\skip52
)
Package microtype Info: Loading configuration file microtype.cfg.

(/Users/thiyangashaminitalagala/Library/TinyTeX/texmf-dist/tex/latex/microtype/
microtype.cfg
File: microtype.cfg 2019/11/18 v2.7d microtype main configuration file (RS)
))
(/Users/thiyangashaminitalagala/Library/TinyTeX/texmf-dist/tex/latex/hyperref/h
yperref.sty
Package: hyperref 2020/01/14 v7.00d Hypertext links for LaTeX

(/Users/thiyangashaminitalagala/Library/TinyTeX/texmf-dist/tex/generic/ltxcmds/
ltxcmds.sty
Package: ltxcmds 2019/12/15 v1.24 LaTeX kernel commands for general use (HO)
)
(/Users/thiyangashaminitalagala/Library/TinyTeX/texmf-dist/tex/latex/pdftexcmds
/pdftexcmds.sty
Package: pdftexcmds 2019/11/24 v0.31 Utility functions of pdfTeX for LuaTeX (HO
)

(/Users/thiyangashaminitalagala/Library/TinyTeX/texmf-dist/tex/generic/infwarer
r/infwarerr.sty
Package: infwarerr 2019/12/03 v1.5 Providing info/warning/error messages (HO)
)
Package pdftexcmds Info: \pdf@primitive is available.
Package pdftexcmds Info: \pdf@ifprimitive is available.
Package pdftexcmds Info: \pdfdraftmode found.
)
(/Users/thiyangashaminitalagala/Library/TinyTeX/texmf-dist/tex/generic/kvsetkey
s/kvsetkeys.sty
Package: kvsetkeys 2019/12/15 v1.18 Key value parser (HO)
)
(/Users/thiyangashaminitalagala/Library/TinyTeX/texmf-dist/tex/generic/kvdefine
keys/kvdefinekeys.sty
Package: kvdefinekeys 2019-12-19 v1.6 Define keys (HO)
)
(/Users/thiyangashaminitalagala/Library/TinyTeX/texmf-dist/tex/generic/pdfescap
e/pdfescape.sty
Package: pdfescape 2019/12/09 v1.15 Implements pdfTeX's escape features (HO)
)
(/Users/thiyangashaminitalagala/Library/TinyTeX/texmf-dist/tex/latex/hycolor/hy
color.sty
Package: hycolor 2020-01-27 v1.10 Color options for hyperref/bookmark (HO)
)
(/Users/thiyangashaminitalagala/Library/TinyTeX/texmf-dist/tex/latex/letltxmacr
o/letltxmacro.sty
Package: letltxmacro 2019/12/03 v1.6 Let assignment for LaTeX macros (HO)
)
(/Users/thiyangashaminitalagala/Library/TinyTeX/texmf-dist/tex/latex/auxhook/au
xhook.sty
Package: auxhook 2019-12-17 v1.6 Hooks for auxiliary files (HO)
)
(/Users/thiyangashaminitalagala/Library/TinyTeX/texmf-dist/tex/latex/kvoptions/
kvoptions.sty
Package: kvoptions 2019/11/29 v3.13 Key value format for package options (HO)
)
\@linkdim=\dimen145
\Hy@linkcounter=\count189
\Hy@pagecounter=\count190

(/Users/thiyangashaminitalagala/Library/TinyTeX/texmf-dist/tex/latex/hyperref/p
d1enc.def
File: pd1enc.def 2020/01/14 v7.00d Hyperref: PDFDocEncoding definition (HO)
Now handling font encoding PD1 ...
... no UTF-8 mapping file for font encoding PD1
)
(/Users/thiyangashaminitalagala/Library/TinyTeX/texmf-dist/tex/generic/intcalc/
intcalc.sty
Package: intcalc 2019/12/15 v1.3 Expandable calculations with integers (HO)
)
(/Users/thiyangashaminitalagala/Library/TinyTeX/texmf-dist/tex/generic/etexcmds
/etexcmds.sty
Package: etexcmds 2019/12/15 v1.7 Avoid name clashes with e-TeX commands (HO)
)
\Hy@SavedSpaceFactor=\count191
\pdfmajorversion=\count192
Package hyperref Info: Option `unicode' set `true' on input line 4421.

(/Users/thiyangashaminitalagala/Library/TinyTeX/texmf-dist/tex/latex/hyperref/p
uenc.def
File: puenc.def 2020/01/14 v7.00d Hyperref: PDF Unicode definition (HO)
Now handling font encoding PU ...
... no UTF-8 mapping file for font encoding PU
)
Package hyperref Info: Hyper figures OFF on input line 4547.
Package hyperref Info: Link nesting OFF on input line 4552.
Package hyperref Info: Hyper index ON on input line 4555.
Package hyperref Info: Plain pages OFF on input line 4562.
Package hyperref Info: Backreferencing OFF on input line 4567.
Package hyperref Info: Implicit mode ON; LaTeX internals redefined.
Package hyperref Info: Bookmarks ON on input line 4800.
\c@Hy@tempcnt=\count193

(/Users/thiyangashaminitalagala/Library/TinyTeX/texmf-dist/tex/latex/url/url.st
y
\Urlmuskip=\muskip17
Package: url 2013/09/16  ver 3.4  Verb mode for urls, etc.
)
LaTeX Info: Redefining \url on input line 5159.
\XeTeXLinkMargin=\dimen146

(/Users/thiyangashaminitalagala/Library/TinyTeX/texmf-dist/tex/generic/bitset/b
itset.sty
Package: bitset 2019/12/09 v1.3 Handle bit-vector datatype (HO)

(/Users/thiyangashaminitalagala/Library/TinyTeX/texmf-dist/tex/generic/bigintca
lc/bigintcalc.sty
Package: bigintcalc 2019/12/15 v1.5 Expandable calculations on big integers (HO
)
))
\Fld@menulength=\count194
\Field@Width=\dimen147
\Fld@charsize=\dimen148
Package hyperref Info: Hyper figures OFF on input line 6430.
Package hyperref Info: Link nesting OFF on input line 6435.
Package hyperref Info: Hyper index ON on input line 6438.
Package hyperref Info: backreferencing OFF on input line 6445.
Package hyperref Info: Link coloring OFF on input line 6450.
Package hyperref Info: Link coloring with OCG OFF on input line 6455.
Package hyperref Info: PDF/A mode OFF on input line 6460.
LaTeX Info: Redefining \ref on input line 6500.
LaTeX Info: Redefining \pageref on input line 6504.

(/Users/thiyangashaminitalagala/Library/TinyTeX/texmf-dist/tex/generic/atbegshi
/atbegshi.sty
Package: atbegshi 2019/12/05 v1.19 At begin shipout hook (HO)
)
\Hy@abspage=\count195
\c@Item=\count196
\c@Hfootnote=\count197
)
Package hyperref Info: Driver (autodetected): hpdftex.

(/Users/thiyangashaminitalagala/Library/TinyTeX/texmf-dist/tex/latex/hyperref/h
pdftex.def
File: hpdftex.def 2020/01/14 v7.00d Hyperref driver for pdfTeX

(/Users/thiyangashaminitalagala/Library/TinyTeX/texmf-dist/tex/latex/atveryend/
atveryend.sty
Package: atveryend 2019-12-11 v1.11 Hooks at the very end of document (HO)
Package atveryend Info: \enddocument detected (standard20110627).
)
\Fld@listcount=\count198
\c@bookmark@seq@number=\count199

(/Users/thiyangashaminitalagala/Library/TinyTeX/texmf-dist/tex/latex/rerunfilec
heck/rerunfilecheck.sty
Package: rerunfilecheck 2019/12/05 v1.9 Rerun checks for auxiliary files (HO)

(/Users/thiyangashaminitalagala/Library/TinyTeX/texmf-dist/tex/generic/uniqueco
unter/uniquecounter.sty
Package: uniquecounter 2019/12/15 v1.4 Provide unlimited unique counter (HO)
)
Package uniquecounter Info: New unique counter `rerunfilecheck' on input line 2
86.
)
\Hy@SectionHShift=\skip53
)
Package hyperref Info: Option `breaklinks' set `true' on input line 27.

(/Users/thiyangashaminitalagala/Library/TinyTeX/texmf-dist/tex/latex/geometry/g
eometry.sty
Package: geometry 2020/01/02 v5.9 Page Geometry

(/Users/thiyangashaminitalagala/Library/TinyTeX/texmf-dist/tex/generic/iftex/if
vtex.sty
Package: ifvtex 2019/10/25 v1.7 ifvtex legacy package. Use iftex instead.
)
\Gm@cnth=\count266
\Gm@cntv=\count267
\c@Gm@tempcnt=\count268
\Gm@bindingoffset=\dimen149
\Gm@wd@mp=\dimen150
\Gm@odd@mp=\dimen151
\Gm@even@mp=\dimen152
\Gm@layoutwidth=\dimen153
\Gm@layoutheight=\dimen154
\Gm@layouthoffset=\dimen155
\Gm@layoutvoffset=\dimen156
\Gm@dimlist=\toks24
)
(/Users/thiyangashaminitalagala/Library/TinyTeX/texmf-dist/tex/latex/biblatex/b
iblatex.sty
Package: biblatex 2019/12/01 v3.14 programmable bibliographies (PK/MW)

(/Users/thiyangashaminitalagala/Library/TinyTeX/texmf-dist/tex/latex/etoolbox/e
toolbox.sty
Package: etoolbox 2019/09/21 v2.5h e-TeX tools for LaTeX (JAW)
\etb@tempcnta=\count269
)
(/Users/thiyangashaminitalagala/Library/TinyTeX/texmf-dist/tex/latex/logreq/log
req.sty
Package: logreq 2010/08/04 v1.0 xml request logger
\lrq@indent=\count270

(/Users/thiyangashaminitalagala/Library/TinyTeX/texmf-dist/tex/latex/logreq/log
req.def
File: logreq.def 2010/08/04 v1.0 logreq spec v1.0
))
(/Users/thiyangashaminitalagala/Library/TinyTeX/texmf-dist/tex/latex/base/ifthe
n.sty
Package: ifthen 2014/09/29 v1.1c Standard LaTeX ifthen package (DPC)
)
\c@tabx@nest=\count271
\c@listtotal=\count272
\c@listcount=\count273
\c@liststart=\count274
\c@liststop=\count275
\c@citecount=\count276
\c@citetotal=\count277
\c@multicitecount=\count278
\c@multicitetotal=\count279
\c@instcount=\count280
\c@maxnames=\count281
\c@minnames=\count282
\c@maxitems=\count283
\c@minitems=\count284
\c@citecounter=\count285
\c@maxcitecounter=\count286
\c@savedcitecounter=\count287
\c@uniquelist=\count288
\c@uniquename=\count289
\c@refsection=\count290
\c@refsegment=\count291
\c@maxextratitle=\count292
\c@maxextratitleyear=\count293
\c@maxextraname=\count294
\c@maxextradate=\count295
\c@maxextraalpha=\count296
\c@abbrvpenalty=\count297
\c@highnamepenalty=\count298
\c@lownamepenalty=\count299
\c@maxparens=\count300
\c@parenlevel=\count301
\blx@tempcnta=\count302
\blx@tempcntb=\count303
\blx@tempcntc=\count304
\blx@maxsection=\count305
\blx@maxsegment@0=\count306
\blx@notetype=\count307
\blx@parenlevel@text=\count308
\blx@parenlevel@foot=\count309
\blx@sectionciteorder@0=\count310
\blx@entrysetcounter=\count311
\labelnumberwidth=\skip54
\labelalphawidth=\skip55
\biblabelsep=\skip56
\bibitemsep=\skip57
\bibnamesep=\skip58
\bibinitsep=\skip59
\bibparsep=\skip60
\bibhang=\skip61
\blx@bcfin=\read2
\blx@bcfout=\write3
\blx@langwohyphens=\language3
\c@mincomprange=\count312
\c@maxcomprange=\count313
\c@mincompwidth=\count314
Package biblatex Info: Trying to load biblatex default data model...
Package biblatex Info: ... file 'blx-dm.def' found.

(/Users/thiyangashaminitalagala/Library/TinyTeX/texmf-dist/tex/latex/biblatex/b
lx-dm.def
File: blx-dm.def 2019/12/01 v3.14 biblatex localization (PK/MW)
)
Package biblatex Info: Trying to load biblatex style data model...
Package biblatex Info: ... file 'authoryear-comp.dbx' not found.
Package biblatex Info: Trying to load biblatex custom data model...
Package biblatex Info: ... file 'biblatex-dm.cfg' not found.
\c@afterword=\count315
\c@savedafterword=\count316
\c@annotator=\count317
\c@savedannotator=\count318
\c@author=\count319
\c@savedauthor=\count320
\c@bookauthor=\count321
\c@savedbookauthor=\count322
\c@commentator=\count323
\c@savedcommentator=\count324
\c@editor=\count325
\c@savededitor=\count326
\c@editora=\count327
\c@savededitora=\count328
\c@editorb=\count329
\c@savededitorb=\count330
\c@editorc=\count331
\c@savededitorc=\count332
\c@foreword=\count333
\c@savedforeword=\count334
\c@holder=\count335
\c@savedholder=\count336
\c@introduction=\count337
\c@savedintroduction=\count338
\c@namea=\count339
\c@savednamea=\count340
\c@nameb=\count341
\c@savednameb=\count342
\c@namec=\count343
\c@savednamec=\count344
\c@translator=\count345
\c@savedtranslator=\count346
\c@shortauthor=\count347
\c@savedshortauthor=\count348
\c@shorteditor=\count349
\c@savedshorteditor=\count350
\c@labelname=\count351
\c@savedlabelname=\count352
\c@institution=\count353
\c@savedinstitution=\count354
\c@lista=\count355
\c@savedlista=\count356
\c@listb=\count357
\c@savedlistb=\count358
\c@listc=\count359
\c@savedlistc=\count360
\c@listd=\count361
\c@savedlistd=\count362
\c@liste=\count363
\c@savedliste=\count364
\c@listf=\count365
\c@savedlistf=\count366
\c@location=\count367
\c@savedlocation=\count368
\c@organization=\count369
\c@savedorganization=\count370
\c@origlocation=\count371
\c@savedoriglocation=\count372
\c@origpublisher=\count373
\c@savedorigpublisher=\count374
\c@publisher=\count375
\c@savedpublisher=\count376
\c@language=\count377
\c@savedlanguage=\count378
\c@origlanguage=\count379
\c@savedoriglanguage=\count380
\c@pageref=\count381
\c@savedpageref=\count382
\shorthandwidth=\skip62
\shortjournalwidth=\skip63
\shortserieswidth=\skip64
\shorttitlewidth=\skip65
\shortauthorwidth=\skip66
\shorteditorwidth=\skip67
\locallabelnumberwidth=\skip68
\locallabelalphawidth=\skip69
\localshorthandwidth=\skip70
\localshortjournalwidth=\skip71
\localshortserieswidth=\skip72
\localshorttitlewidth=\skip73
\localshortauthorwidth=\skip74
\localshorteditorwidth=\skip75
Package biblatex Info: Trying to load compatibility code...
Package biblatex Info: ... file 'blx-compat.def' found.

(/Users/thiyangashaminitalagala/Library/TinyTeX/texmf-dist/tex/latex/biblatex/b
lx-compat.def
File: blx-compat.def 2019/12/01 v3.14 biblatex compatibility (PK/MW)
)
Package biblatex Info: Trying to load generic definitions...
Package biblatex Info: ... file 'biblatex.def' found.

(/Users/thiyangashaminitalagala/Library/TinyTeX/texmf-dist/tex/latex/biblatex/b
iblatex.def
File: biblatex.def 2019/12/01 v3.14 biblatex compatibility (PK/MW)
\c@textcitecount=\count383
\c@textcitetotal=\count384
\c@textcitemaxnames=\count385
\c@biburlbigbreakpenalty=\count386
\c@biburlbreakpenalty=\count387
\c@biburlnumpenalty=\count388
\c@biburlucpenalty=\count389
\c@biburllcpenalty=\count390
\biburlbigskip=\muskip18
\biburlnumskip=\muskip19
\biburlucskip=\muskip20
\biburllcskip=\muskip21
\c@smartand=\count391
)
Package biblatex Info: Trying to load bibliography style 'authoryear-comp'...
Package biblatex Info: ... file 'authoryear-comp.bbx' found.

(/Users/thiyangashaminitalagala/Library/TinyTeX/texmf-dist/tex/latex/biblatex/b
bx/authoryear-comp.bbx
File: authoryear-comp.bbx 2019/12/01 v3.14 biblatex bibliography style (PK/MW)
Package biblatex Info: Trying to load bibliography style 'authoryear'...
Package biblatex Info: ... file 'authoryear.bbx' found.

(/Users/thiyangashaminitalagala/Library/TinyTeX/texmf-dist/tex/latex/biblatex/b
bx/authoryear.bbx
File: authoryear.bbx 2019/12/01 v3.14 biblatex bibliography style (PK/MW)
Package biblatex Info: Trying to load bibliography style 'standard'...
Package biblatex Info: ... file 'standard.bbx' found.

(/Users/thiyangashaminitalagala/Library/TinyTeX/texmf-dist/tex/latex/biblatex/b
bx/standard.bbx
File: standard.bbx 2019/12/01 v3.14 biblatex bibliography style (PK/MW)
\c@bbx:relatedcount=\count392
\c@bbx:relatedtotal=\count393
)))
Package biblatex Info: Trying to load citation style 'authoryear-comp'...
Package biblatex Info: ... file 'authoryear-comp.cbx' found.

(/Users/thiyangashaminitalagala/Library/TinyTeX/texmf-dist/tex/latex/biblatex/c
bx/authoryear-comp.cbx
File: authoryear-comp.cbx 2019/12/01 v3.14 biblatex citation style (PK/MW)
Package biblatex Info: Redefining '\cite'.
Package biblatex Info: Redefining '\parencite'.
Package biblatex Info: Redefining '\footcite'.
Package biblatex Info: Redefining '\footcitetext'.
Package biblatex Info: Redefining '\smartcite'.
Package biblatex Info: Redefining '\textcite'.
Package biblatex Info: Redefining '\textcites'.
Package biblatex Info: Redefining '\cites'.
Package biblatex Info: Redefining '\parencites'.
Package biblatex Info: Redefining '\footcites'.
Package biblatex Info: Redefining '\footcitetexts'.
Package biblatex Info: Redefining '\smartcites'.
)
Package biblatex Info: Trying to load configuration file...
Package biblatex Info: ... file 'biblatex.cfg' found.

(/Users/thiyangashaminitalagala/Library/TinyTeX/texmf-dist/tex/latex/biblatex/b
iblatex.cfg
File: biblatex.cfg 
))
(/Users/thiyangashaminitalagala/Library/TinyTeX/texmf-dist/tex/latex/tools/long
table.sty
Package: longtable 2020/01/07 v4.13 Multi-page Table package (DPC)
\LTleft=\skip76
\LTright=\skip77
\LTpre=\skip78
\LTpost=\skip79
\LTchunksize=\count394
\LTcapwidth=\dimen157
\LT@head=\box47
\LT@firsthead=\box48
\LT@foot=\box49
\LT@lastfoot=\box50
\LT@cols=\count395
\LT@rows=\count396
\c@LT@tables=\count397
\c@LT@chunks=\count398
\LT@p@ftn=\toks25
)
(/Users/thiyangashaminitalagala/Library/TinyTeX/texmf-dist/tex/latex/booktabs/b
ooktabs.sty
Package: booktabs 2020/01/12 v1.61803398 Publication quality tables
\heavyrulewidth=\dimen158
\lightrulewidth=\dimen159
\cmidrulewidth=\dimen160
\belowrulesep=\dimen161
\belowbottomsep=\dimen162
\aboverulesep=\dimen163
\abovetopsep=\dimen164
\cmidrulesep=\dimen165
\cmidrulekern=\dimen166
\defaultaddspace=\dimen167
\@cmidla=\count399
\@cmidlb=\count400
\@aboverulesep=\dimen168
\@belowrulesep=\dimen169
\@thisruleclass=\count401
\@lastruleclass=\count402
\@thisrulewidth=\dimen170
)
(/Users/thiyangashaminitalagala/Library/TinyTeX/texmf-dist/tex/latex/parskip/pa
rskip.sty
Package: parskip 2020-01-22 v2.0d non-zero parskip adjustments
)
(/Users/thiyangashaminitalagala/Library/TinyTeX/texmf-dist/tex/latex/caption/ca
ption.sty
Package: caption 2020/01/03 v3.4h Customizing captions (AR)

(/Users/thiyangashaminitalagala/Library/TinyTeX/texmf-dist/tex/latex/caption/ca
ption3.sty
Package: caption3 2020/01/03 v1.8h caption3 kernel (AR)
Package caption3 Info: TeX engine: e-TeX on input line 61.
\captionmargin=\dimen171
\captionmargin@=\dimen172
\captionwidth=\dimen173
\caption@tempdima=\dimen174
\caption@indent=\dimen175
\caption@parindent=\dimen176
\caption@hangindent=\dimen177
Package caption Info: Standard document class detected.
)
\c@caption@flags=\count403
\c@continuedfloat=\count404
Package caption Info: hyperref package is loaded.
Package caption Info: longtable package is loaded.

(/Users/thiyangashaminitalagala/Library/TinyTeX/texmf-dist/tex/latex/caption/lt
caption.sty
Package: ltcaption 2018/08/26 v1.4a longtable captions (AR)
))
(/Users/thiyangashaminitalagala/Library/TinyTeX/texmf-dist/tex/latex/bera/bera.
sty
Package: bera 2004/01/31 (WaS)

(/Users/thiyangashaminitalagala/Library/TinyTeX/texmf-dist/tex/latex/base/fonte
nc.sty
Package: fontenc 2020/01/25 v2.0m Standard LaTeX package
)
(/Users/thiyangashaminitalagala/Library/TinyTeX/texmf-dist/tex/latex/bera/beras
erif.sty
Package: beraserif 2004/01/30 (WaS)
LaTeX Font Info:    Trying to load font information for T1+fve on input line 30
.

(/Users/thiyangashaminitalagala/Library/TinyTeX/texmf-dist/tex/latex/bera/t1fve
.fd
File: t1fve.fd 2004/09/07 scalable font definitions for T1/fve.
)
LaTeX Font Info:    Font shape `T1/fve/m/n' will be
(Font)              scaled to size 9.85492pt on input line 30.
)
(/Users/thiyangashaminitalagala/Library/TinyTeX/texmf-dist/tex/latex/bera/beras
ans.sty
Package: berasans 2004/01/30 (WaS)
)
(/Users/thiyangashaminitalagala/Library/TinyTeX/texmf-dist/tex/latex/bera/beram
ono.sty
Package: beramono 2004/01/31 (WaS)
))
(/Users/thiyangashaminitalagala/Library/TinyTeX/texmf-dist/tex/latex/psnfss/mat
hpazo.sty
Package: mathpazo 2005/04/12 PSNFSS-v9.2a Palatino w/ Pazo Math (D.Puga, WaS) 
\symupright=\mathgroup6
)
(/Users/thiyangashaminitalagala/Library/TinyTeX/texmf-dist/tex/latex/fancyhdr/f
ancyhdr.sty
Package: fancyhdr 2019/01/31 v3.10 Extensive control of page headers and footer
s
\f@nch@headwidth=\skip80
\f@nch@O@elh=\skip81
\f@nch@O@erh=\skip82
\f@nch@O@olh=\skip83
\f@nch@O@orh=\skip84
\f@nch@O@elf=\skip85
\f@nch@O@erf=\skip86
\f@nch@O@olf=\skip87
\f@nch@O@orf=\skip88
)
(/Users/thiyangashaminitalagala/Library/TinyTeX/texmf-dist/tex/latex/tools/bm.s
ty
Package: bm 2019/07/24 v1.2d Bold Symbol Support (DPC/FMi)
\symboldoperators=\mathgroup7
\symboldletters=\mathgroup8
\symboldsymbols=\mathgroup9
\symboldupright=\mathgroup10
LaTeX Font Info:    Redeclaring math alphabet \mathbf on input line 141.
LaTeX Info: Redefining \bm on input line 209.
)
(/Users/thiyangashaminitalagala/Library/TinyTeX/texmf-dist/tex/latex/graphics/g
raphicx.sty
Package: graphicx 2019/11/30 v1.2a Enhanced LaTeX Graphics (DPC,SPQR)

(/Users/thiyangashaminitalagala/Library/TinyTeX/texmf-dist/tex/latex/graphics/g
raphics.sty
Package: graphics 2019/11/30 v1.4a Standard LaTeX Graphics (DPC,SPQR)

(/Users/thiyangashaminitalagala/Library/TinyTeX/texmf-dist/tex/latex/graphics/t
rig.sty
Package: trig 2016/01/03 v1.10 sin cos tan (DPC)
)
(/Users/thiyangashaminitalagala/Library/TinyTeX/texmf-dist/tex/latex/graphics-c
fg/graphics.cfg
File: graphics.cfg 2016/06/04 v1.11 sample graphics configuration
)
Package graphics Info: Driver file: pdftex.def on input line 105.

(/Users/thiyangashaminitalagala/Library/TinyTeX/texmf-dist/tex/latex/graphics-d
ef/pdftex.def
File: pdftex.def 2018/01/08 v1.0l Graphics/color driver for pdftex
))
\Gin@req@height=\dimen178
\Gin@req@width=\dimen179
)
(/Users/thiyangashaminitalagala/Library/TinyTeX/texmf-dist/tex/latex/titlesec/t
itlesec.sty
Package: titlesec 2019/10/16 v2.13 Sectioning titles
\ttl@box=\box51
\beforetitleunit=\skip89
\aftertitleunit=\skip90
\ttl@plus=\dimen180
\ttl@minus=\dimen181
\ttl@toksa=\toks26
\titlewidth=\dimen182
\titlewidthlast=\dimen183
\titlewidthfirst=\dimen184
)
(/Users/thiyangashaminitalagala/Library/TinyTeX/texmf-dist/tex/latex/setspace/s
etspace.sty
Package: setspace 2011/12/19 v6.7a set line spacing
)
(/Users/thiyangashaminitalagala/Library/TinyTeX/texmf-dist/tex/latex/xcolor/xco
lor.sty
Package: xcolor 2016/05/11 v2.12 LaTeX color extensions (UK)

(/Users/thiyangashaminitalagala/Library/TinyTeX/texmf-dist/tex/latex/graphics-c
fg/color.cfg
File: color.cfg 2016/01/02 v1.6 sample color configuration
)
Package xcolor Info: Driver file: pdftex.def on input line 225.
Package xcolor Info: Model `cmy' substituted by `cmy0' on input line 1348.
Package xcolor Info: Model `hsb' substituted by `rgb' on input line 1352.
Package xcolor Info: Model `RGB' extended on input line 1364.
Package xcolor Info: Model `HTML' substituted by `rgb' on input line 1366.
Package xcolor Info: Model `Hsb' substituted by `hsb' on input line 1367.
Package xcolor Info: Model `tHsb' substituted by `hsb' on input line 1368.
Package xcolor Info: Model `HSB' substituted by `hsb' on input line 1369.
Package xcolor Info: Model `Gray' substituted by `gray' on input line 1370.
Package xcolor Info: Model `wave' substituted by `hsb' on input line 1371.
)
Package hyperref Info: Option `breaklinks' set `true' on input line 207.
Package hyperref Info: Option `bookmarksopen' set `true' on input line 207.
Package hyperref Info: Option `bookmarksnumbered' set `true' on input line 207.

Package hyperref Info: Option `colorlinks' set `true' on input line 207.

(/Users/thiyangashaminitalagala/Library/TinyTeX/texmf-dist/tex/latex/base/fonte
nc.sty
Package: fontenc 2020/01/25 v2.0m Standard LaTeX package
LaTeX Font Info:    Trying to load font information for T1+ppl on input line 11
2.

(/Users/thiyangashaminitalagala/Library/TinyTeX/texmf-dist/tex/latex/psnfss/t1p
pl.fd
File: t1ppl.fd 2001/06/04 font definitions for T1/ppl.
))
(/Users/thiyangashaminitalagala/Library/TinyTeX/texmf-dist/tex/latex/mathtools/
mathtools.sty
Package: mathtools 2020/01/17 v1.23 mathematical typesetting tools

(/Users/thiyangashaminitalagala/Library/TinyTeX/texmf-dist/tex/latex/tools/calc
.sty
Package: calc 2017/05/25 v4.3 Infix arithmetic (KKT,FJ)
\calc@Acount=\count405
\calc@Bcount=\count406
\calc@Adimen=\dimen185
\calc@Bdimen=\dimen186
\calc@Askip=\skip91
\calc@Bskip=\skip92
LaTeX Info: Redefining \setlength on input line 80.
LaTeX Info: Redefining \addtolength on input line 81.
\calc@Ccount=\count407
\calc@Cskip=\skip93
)
(/Users/thiyangashaminitalagala/Library/TinyTeX/texmf-dist/tex/latex/mathtools/
mhsetup.sty
Package: mhsetup 2017/03/31 v1.3 programming setup (MH)
)
LaTeX Info: Thecontrolsequence`\('isalreadyrobust on input line 129.
LaTeX Info: Thecontrolsequence`\)'isalreadyrobust on input line 129.
LaTeX Info: Thecontrolsequence`\['isalreadyrobust on input line 129.
LaTeX Info: Thecontrolsequence`\]'isalreadyrobust on input line 129.
\g_MT_multlinerow_int=\count408
\l_MT_multwidth_dim=\dimen187
\origjot=\skip94
\l_MT_shortvdotswithinadjustabove_dim=\dimen188
\l_MT_shortvdotswithinadjustbelow_dim=\dimen189
\l_MT_above_intertext_sep=\dimen190
\l_MT_below_intertext_sep=\dimen191
\l_MT_above_shortintertext_sep=\dimen192
\l_MT_below_shortintertext_sep=\dimen193
)
(/Users/thiyangashaminitalagala/Library/TinyTeX/texmf-dist/tex/latex/eukdate/eu
kdate.sty
Package: eukdate 2009/03/18 v1.04 UK format date (Hart's Rules) with weekday
\c@euk@date=\count409
\c@euk@month=\count410
\c@euk@century=\count411
\c@euk@year=\count412
)
(/Users/thiyangashaminitalagala/Library/TinyTeX/texmf-dist/tex/latex/xpatch/xpa
tch.sty
(/Users/thiyangashaminitalagala/Library/TinyTeX/texmf-dist/tex/latex/l3kernel/e
xpl3.sty
Package: expl3 2020-02-03 L3 programming layer (loader) 

(/Users/thiyangashaminitalagala/Library/TinyTeX/texmf-dist/tex/latex/l3backend/
l3backend-pdfmode.def
File: l3backend-pdfmode.def 2020-02-03 L3 backend support: PDF mode
\l__kernel_color_stack_int=\count413
\l__pdf_internal_box=\box52
))
Package: xpatch 2012/10/02 v0.3 Extending etoolbox patching commands

(/Users/thiyangashaminitalagala/Library/TinyTeX/texmf-dist/tex/latex/l3packages
/xparse/xparse.sty
Package: xparse 2020-02-03 L3 Experimental document command parser
\l__xparse_current_arg_int=\count414
\g__xparse_grabber_int=\count415
\l__xparse_m_args_int=\count416
\l__xparse_v_nesting_int=\count417
))
(/Users/thiyangashaminitalagala/Library/TinyTeX/texmf-dist/tex/latex/textpos/te
xtpos.sty
Package: textpos 2019/04/15 v1.9.1
Package: textpos 2019/04/15 1.9.1, absolute positioning of text on the page

(/Users/thiyangashaminitalagala/Library/TinyTeX/texmf-dist/tex/latex/ms/everysh
i.sty
Package: everyshi 2001/05/15 v3.00 EveryShipout Package (MS)
)
\TP@textbox=\box53
\TP@holdbox=\box54
\TPHorizModule=\dimen194
\TPVertModule=\dimen195
\TP@margin=\dimen196
\TP@absmargin=\dimen197
Grid set 16 x 16 = 37.34424pt x 52.81541pt
\TPboxrulesize=\dimen198
\TP@ox=\dimen199
\TP@oy=\dimen256
\TP@tbargs=\toks27
\TP@prevdepth=\dimen257
TextBlockOrigin set to 0pt x 0pt
)
(/Users/thiyangashaminitalagala/Library/TinyTeX/texmf-dist/tex/latex/algorithms
/algorithm.sty
Package: algorithm 2009/08/24 v0.1 Document Style `algorithm' - floating enviro
nment

(/Users/thiyangashaminitalagala/Library/TinyTeX/texmf-dist/tex/latex/float/floa
t.sty
Package: float 2001/11/08 v1.3d Float enhancements (AL)
\c@float@type=\count418
\float@exts=\toks28
\float@box=\box55
\@float@everytoks=\toks29
\@floatcapt=\box56
)
\@float@every@algorithm=\toks30
\c@algorithm=\count419
)
(/Users/thiyangashaminitalagala/Library/TinyTeX/texmf-dist/tex/latex/algorithmi
cx/algpseudocode.sty
Package: algpseudocode 

(/Users/thiyangashaminitalagala/Library/TinyTeX/texmf-dist/tex/latex/algorithmi
cx/algorithmicx.sty
Package: algorithmicx 2005/04/27 v1.2 Algorithmicx
Document Style algorithmicx 1.2 - a greatly improved `algorithmic' style
\c@ALG@line=\count420
\c@ALG@rem=\count421
\c@ALG@nested=\count422
\ALG@tlm=\skip95
\ALG@thistlm=\skip96
\c@ALG@Lnr=\count423
\c@ALG@blocknr=\count424
\c@ALG@storecount=\count425
\c@ALG@tmpcounter=\count426
\ALG@tmplength=\skip97
)
Document Style - pseudocode environments for use with the `algorithmicx' style
)
(/Users/thiyangashaminitalagala/Library/TinyTeX/texmf-dist/tex/latex/amscls/ams
thm.sty
Package: amsthm 2017/10/31 v2.20.4
\thm@style=\toks31
\thm@bodyfont=\toks32
\thm@headfont=\toks33
\thm@notefont=\toks34
\thm@headpunct=\toks35
\thm@preskip=\skip98
\thm@postskip=\skip99
\thm@headsep=\skip100
\dth@everypar=\toks36
)
(/Users/thiyangashaminitalagala/Library/TinyTeX/texmf-dist/tex/latex/paralist/p
aralist.sty
Package: paralist 2017/01/22 v2.7 Extended list environments
\pltopsep=\skip101
\plpartopsep=\skip102
\plitemsep=\skip103
\plparsep=\skip104
\pl@lab=\toks37
)
(/Users/thiyangashaminitalagala/Library/TinyTeX/texmf-dist/tex/latex/todonotes/
todonotes.sty
Package: todonotes 2019/01/24 v1.1.2 Todonotes source and documentation.
Package: todonotes 2018/11/22

(/Users/thiyangashaminitalagala/Library/TinyTeX/texmf-dist/tex/latex/xkeyval/xk
eyval.sty
Package: xkeyval 2014/12/03 v2.7a package option processing (HA)

(/Users/thiyangashaminitalagala/Library/TinyTeX/texmf-dist/tex/generic/xkeyval/
xkeyval.tex
(/Users/thiyangashaminitalagala/Library/TinyTeX/texmf-dist/tex/generic/xkeyval/
xkvutils.tex
\XKV@toks=\toks38
\XKV@tempa@toks=\toks39
)
\XKV@depth=\count427
File: xkeyval.tex 2014/12/03 v2.7a key=value parser (HA)
))
(/Users/thiyangashaminitalagala/Library/TinyTeX/texmf-dist/tex/latex/pgf/fronte
ndlayer/tikz.sty
(/Users/thiyangashaminitalagala/Library/TinyTeX/texmf-dist/tex/latex/pgf/basicl
ayer/pgf.sty
(/Users/thiyangashaminitalagala/Library/TinyTeX/texmf-dist/tex/latex/pgf/utilit
ies/pgfrcs.sty
(/Users/thiyangashaminitalagala/Library/TinyTeX/texmf-dist/tex/generic/pgf/util
ities/pgfutil-common.tex
\pgfutil@everybye=\toks40
\pgfutil@tempdima=\dimen258
\pgfutil@tempdimb=\dimen259

(/Users/thiyangashaminitalagala/Library/TinyTeX/texmf-dist/tex/generic/pgf/util
ities/pgfutil-common-lists.tex))
(/Users/thiyangashaminitalagala/Library/TinyTeX/texmf-dist/tex/generic/pgf/util
ities/pgfutil-latex.def
\pgfutil@abb=\box57
)
(/Users/thiyangashaminitalagala/Library/TinyTeX/texmf-dist/tex/generic/pgf/util
ities/pgfrcs.code.tex
(/Users/thiyangashaminitalagala/Library/TinyTeX/texmf-dist/tex/generic/pgf/pgf.
revision.tex)
Package: pgfrcs 2020/01/08 v3.1.5b (3.1.5b)
))
Package: pgf 2020/01/08 v3.1.5b (3.1.5b)

(/Users/thiyangashaminitalagala/Library/TinyTeX/texmf-dist/tex/latex/pgf/basicl
ayer/pgfcore.sty
(/Users/thiyangashaminitalagala/Library/TinyTeX/texmf-dist/tex/latex/pgf/system
layer/pgfsys.sty
(/Users/thiyangashaminitalagala/Library/TinyTeX/texmf-dist/tex/generic/pgf/syst
emlayer/pgfsys.code.tex
Package: pgfsys 2020/01/08 v3.1.5b (3.1.5b)

(/Users/thiyangashaminitalagala/Library/TinyTeX/texmf-dist/tex/generic/pgf/util
ities/pgfkeys.code.tex
\pgfkeys@pathtoks=\toks41
\pgfkeys@temptoks=\toks42

(/Users/thiyangashaminitalagala/Library/TinyTeX/texmf-dist/tex/generic/pgf/util
ities/pgfkeysfiltered.code.tex
\pgfkeys@tmptoks=\toks43
))
\pgf@x=\dimen260
\pgf@y=\dimen261
\pgf@xa=\dimen262
\pgf@ya=\dimen263
\pgf@xb=\dimen264
\pgf@yb=\dimen265
\pgf@xc=\dimen266
\pgf@yc=\dimen267
\pgf@xd=\dimen268
\pgf@yd=\dimen269
\w@pgf@writea=\write4
\r@pgf@reada=\read3
\c@pgf@counta=\count428
\c@pgf@countb=\count429
\c@pgf@countc=\count430
\c@pgf@countd=\count431
\t@pgf@toka=\toks44
\t@pgf@tokb=\toks45
\t@pgf@tokc=\toks46
\pgf@sys@id@count=\count432

(/Users/thiyangashaminitalagala/Library/TinyTeX/texmf-dist/tex/generic/pgf/syst
emlayer/pgf.cfg
File: pgf.cfg 2020/01/08 v3.1.5b (3.1.5b)
)
Driver file for pgf: pgfsys-pdftex.def

(/Users/thiyangashaminitalagala/Library/TinyTeX/texmf-dist/tex/generic/pgf/syst
emlayer/pgfsys-pdftex.def
File: pgfsys-pdftex.def 2020/01/08 v3.1.5b (3.1.5b)

(/Users/thiyangashaminitalagala/Library/TinyTeX/texmf-dist/tex/generic/pgf/syst
emlayer/pgfsys-common-pdf.def
File: pgfsys-common-pdf.def 2020/01/08 v3.1.5b (3.1.5b)
)))
(/Users/thiyangashaminitalagala/Library/TinyTeX/texmf-dist/tex/generic/pgf/syst
emlayer/pgfsyssoftpath.code.tex
File: pgfsyssoftpath.code.tex 2020/01/08 v3.1.5b (3.1.5b)
\pgfsyssoftpath@smallbuffer@items=\count433
\pgfsyssoftpath@bigbuffer@items=\count434
)
(/Users/thiyangashaminitalagala/Library/TinyTeX/texmf-dist/tex/generic/pgf/syst
emlayer/pgfsysprotocol.code.tex
File: pgfsysprotocol.code.tex 2020/01/08 v3.1.5b (3.1.5b)
))
(/Users/thiyangashaminitalagala/Library/TinyTeX/texmf-dist/tex/generic/pgf/basi
clayer/pgfcore.code.tex
Package: pgfcore 2020/01/08 v3.1.5b (3.1.5b)

(/Users/thiyangashaminitalagala/Library/TinyTeX/texmf-dist/tex/generic/pgf/math
/pgfmath.code.tex
(/Users/thiyangashaminitalagala/Library/TinyTeX/texmf-dist/tex/generic/pgf/math
/pgfmathcalc.code.tex
(/Users/thiyangashaminitalagala/Library/TinyTeX/texmf-dist/tex/generic/pgf/math
/pgfmathutil.code.tex)
(/Users/thiyangashaminitalagala/Library/TinyTeX/texmf-dist/tex/generic/pgf/math
/pgfmathparser.code.tex
\pgfmath@dimen=\dimen270
\pgfmath@count=\count435
\pgfmath@box=\box58
\pgfmath@toks=\toks47
\pgfmath@stack@operand=\toks48
\pgfmath@stack@operation=\toks49
)
(/Users/thiyangashaminitalagala/Library/TinyTeX/texmf-dist/tex/generic/pgf/math
/pgfmathfunctions.code.tex
(/Users/thiyangashaminitalagala/Library/TinyTeX/texmf-dist/tex/generic/pgf/math
/pgfmathfunctions.basic.code.tex)
(/Users/thiyangashaminitalagala/Library/TinyTeX/texmf-dist/tex/generic/pgf/math
/pgfmathfunctions.trigonometric.code.tex)
(/Users/thiyangashaminitalagala/Library/TinyTeX/texmf-dist/tex/generic/pgf/math
/pgfmathfunctions.random.code.tex)
(/Users/thiyangashaminitalagala/Library/TinyTeX/texmf-dist/tex/generic/pgf/math
/pgfmathfunctions.comparison.code.tex)
(/Users/thiyangashaminitalagala/Library/TinyTeX/texmf-dist/tex/generic/pgf/math
/pgfmathfunctions.base.code.tex)
(/Users/thiyangashaminitalagala/Library/TinyTeX/texmf-dist/tex/generic/pgf/math
/pgfmathfunctions.round.code.tex)
(/Users/thiyangashaminitalagala/Library/TinyTeX/texmf-dist/tex/generic/pgf/math
/pgfmathfunctions.misc.code.tex)
(/Users/thiyangashaminitalagala/Library/TinyTeX/texmf-dist/tex/generic/pgf/math
/pgfmathfunctions.integerarithmetics.code.tex)))
(/Users/thiyangashaminitalagala/Library/TinyTeX/texmf-dist/tex/generic/pgf/math
/pgfmathfloat.code.tex
\c@pgfmathroundto@lastzeros=\count436
))
(/Users/thiyangashaminitalagala/Library/TinyTeX/texmf-dist/tex/generic/pgf/math
/pgfint.code.tex)
(/Users/thiyangashaminitalagala/Library/TinyTeX/texmf-dist/tex/generic/pgf/basi
clayer/pgfcorepoints.code.tex
File: pgfcorepoints.code.tex 2020/01/08 v3.1.5b (3.1.5b)
\pgf@picminx=\dimen271
\pgf@picmaxx=\dimen272
\pgf@picminy=\dimen273
\pgf@picmaxy=\dimen274
\pgf@pathminx=\dimen275
\pgf@pathmaxx=\dimen276
\pgf@pathminy=\dimen277
\pgf@pathmaxy=\dimen278
\pgf@xx=\dimen279
\pgf@xy=\dimen280
\pgf@yx=\dimen281
\pgf@yy=\dimen282
\pgf@zx=\dimen283
\pgf@zy=\dimen284
)
(/Users/thiyangashaminitalagala/Library/TinyTeX/texmf-dist/tex/generic/pgf/basi
clayer/pgfcorepathconstruct.code.tex
File: pgfcorepathconstruct.code.tex 2020/01/08 v3.1.5b (3.1.5b)
\pgf@path@lastx=\dimen285
\pgf@path@lasty=\dimen286
)
(/Users/thiyangashaminitalagala/Library/TinyTeX/texmf-dist/tex/generic/pgf/basi
clayer/pgfcorepathusage.code.tex
File: pgfcorepathusage.code.tex 2020/01/08 v3.1.5b (3.1.5b)
\pgf@shorten@end@additional=\dimen287
\pgf@shorten@start@additional=\dimen288
)
(/Users/thiyangashaminitalagala/Library/TinyTeX/texmf-dist/tex/generic/pgf/basi
clayer/pgfcorescopes.code.tex
File: pgfcorescopes.code.tex 2020/01/08 v3.1.5b (3.1.5b)
\pgfpic=\box59
\pgf@hbox=\box60
\pgf@layerbox@main=\box61
\pgf@picture@serial@count=\count437
)
(/Users/thiyangashaminitalagala/Library/TinyTeX/texmf-dist/tex/generic/pgf/basi
clayer/pgfcoregraphicstate.code.tex
File: pgfcoregraphicstate.code.tex 2020/01/08 v3.1.5b (3.1.5b)
\pgflinewidth=\dimen289
)
(/Users/thiyangashaminitalagala/Library/TinyTeX/texmf-dist/tex/generic/pgf/basi
clayer/pgfcoretransformations.code.tex
File: pgfcoretransformations.code.tex 2020/01/08 v3.1.5b (3.1.5b)
\pgf@pt@x=\dimen290
\pgf@pt@y=\dimen291
\pgf@pt@temp=\dimen292
)
(/Users/thiyangashaminitalagala/Library/TinyTeX/texmf-dist/tex/generic/pgf/basi
clayer/pgfcorequick.code.tex
File: pgfcorequick.code.tex 2020/01/08 v3.1.5b (3.1.5b)
)
(/Users/thiyangashaminitalagala/Library/TinyTeX/texmf-dist/tex/generic/pgf/basi
clayer/pgfcoreobjects.code.tex
File: pgfcoreobjects.code.tex 2020/01/08 v3.1.5b (3.1.5b)
)
(/Users/thiyangashaminitalagala/Library/TinyTeX/texmf-dist/tex/generic/pgf/basi
clayer/pgfcorepathprocessing.code.tex
File: pgfcorepathprocessing.code.tex 2020/01/08 v3.1.5b (3.1.5b)
)
(/Users/thiyangashaminitalagala/Library/TinyTeX/texmf-dist/tex/generic/pgf/basi
clayer/pgfcorearrows.code.tex
File: pgfcorearrows.code.tex 2020/01/08 v3.1.5b (3.1.5b)
\pgfarrowsep=\dimen293
)
(/Users/thiyangashaminitalagala/Library/TinyTeX/texmf-dist/tex/generic/pgf/basi
clayer/pgfcoreshade.code.tex
File: pgfcoreshade.code.tex 2020/01/08 v3.1.5b (3.1.5b)
\pgf@max=\dimen294
\pgf@sys@shading@range@num=\count438
\pgf@shadingcount=\count439
)
(/Users/thiyangashaminitalagala/Library/TinyTeX/texmf-dist/tex/generic/pgf/basi
clayer/pgfcoreimage.code.tex
File: pgfcoreimage.code.tex 2020/01/08 v3.1.5b (3.1.5b)

(/Users/thiyangashaminitalagala/Library/TinyTeX/texmf-dist/tex/generic/pgf/basi
clayer/pgfcoreexternal.code.tex
File: pgfcoreexternal.code.tex 2020/01/08 v3.1.5b (3.1.5b)
\pgfexternal@startupbox=\box62
))
(/Users/thiyangashaminitalagala/Library/TinyTeX/texmf-dist/tex/generic/pgf/basi
clayer/pgfcorelayers.code.tex
File: pgfcorelayers.code.tex 2020/01/08 v3.1.5b (3.1.5b)
)
(/Users/thiyangashaminitalagala/Library/TinyTeX/texmf-dist/tex/generic/pgf/basi
clayer/pgfcoretransparency.code.tex
File: pgfcoretransparency.code.tex 2020/01/08 v3.1.5b (3.1.5b)
)
(/Users/thiyangashaminitalagala/Library/TinyTeX/texmf-dist/tex/generic/pgf/basi
clayer/pgfcorepatterns.code.tex
File: pgfcorepatterns.code.tex 2020/01/08 v3.1.5b (3.1.5b)
)
(/Users/thiyangashaminitalagala/Library/TinyTeX/texmf-dist/tex/generic/pgf/basi
clayer/pgfcorerdf.code.tex
File: pgfcorerdf.code.tex 2020/01/08 v3.1.5b (3.1.5b)
)))
(/Users/thiyangashaminitalagala/Library/TinyTeX/texmf-dist/tex/generic/pgf/modu
les/pgfmoduleshapes.code.tex
File: pgfmoduleshapes.code.tex 2020/01/08 v3.1.5b (3.1.5b)
\pgfnodeparttextbox=\box63
)
(/Users/thiyangashaminitalagala/Library/TinyTeX/texmf-dist/tex/generic/pgf/modu
les/pgfmoduleplot.code.tex
File: pgfmoduleplot.code.tex 2020/01/08 v3.1.5b (3.1.5b)
)
(/Users/thiyangashaminitalagala/Library/TinyTeX/texmf-dist/tex/latex/pgf/compat
ibility/pgfcomp-version-0-65.sty
Package: pgfcomp-version-0-65 2020/01/08 v3.1.5b (3.1.5b)
\pgf@nodesepstart=\dimen295
\pgf@nodesepend=\dimen296
)
(/Users/thiyangashaminitalagala/Library/TinyTeX/texmf-dist/tex/latex/pgf/compat
ibility/pgfcomp-version-1-18.sty
Package: pgfcomp-version-1-18 2020/01/08 v3.1.5b (3.1.5b)
))
(/Users/thiyangashaminitalagala/Library/TinyTeX/texmf-dist/tex/latex/pgf/utilit
ies/pgffor.sty
(/Users/thiyangashaminitalagala/Library/TinyTeX/texmf-dist/tex/latex/pgf/utilit
ies/pgfkeys.sty
(/Users/thiyangashaminitalagala/Library/TinyTeX/texmf-dist/tex/generic/pgf/util
ities/pgfkeys.code.tex))
(/Users/thiyangashaminitalagala/Library/TinyTeX/texmf-dist/tex/latex/pgf/math/p
gfmath.sty
(/Users/thiyangashaminitalagala/Library/TinyTeX/texmf-dist/tex/generic/pgf/math
/pgfmath.code.tex))
(/Users/thiyangashaminitalagala/Library/TinyTeX/texmf-dist/tex/generic/pgf/util
ities/pgffor.code.tex
Package: pgffor 2020/01/08 v3.1.5b (3.1.5b)

(/Users/thiyangashaminitalagala/Library/TinyTeX/texmf-dist/tex/generic/pgf/math
/pgfmath.code.tex)
\pgffor@iter=\dimen297
\pgffor@skip=\dimen298
\pgffor@stack=\toks50
\pgffor@toks=\toks51
))
(/Users/thiyangashaminitalagala/Library/TinyTeX/texmf-dist/tex/generic/pgf/fron
tendlayer/tikz/tikz.code.tex
Package: tikz 2020/01/08 v3.1.5b (3.1.5b)

(/Users/thiyangashaminitalagala/Library/TinyTeX/texmf-dist/tex/generic/pgf/libr
aries/pgflibraryplothandlers.code.tex
File: pgflibraryplothandlers.code.tex 2020/01/08 v3.1.5b (3.1.5b)
\pgf@plot@mark@count=\count440
\pgfplotmarksize=\dimen299
)
\tikz@lastx=\dimen300
\tikz@lasty=\dimen301
\tikz@lastxsaved=\dimen302
\tikz@lastysaved=\dimen303
\tikz@lastmovetox=\dimen304
\tikz@lastmovetoy=\dimen305
\tikzleveldistance=\dimen306
\tikzsiblingdistance=\dimen307
\tikz@figbox=\box64
\tikz@figbox@bg=\box65
\tikz@tempbox=\box66
\tikz@tempbox@bg=\box67
\tikztreelevel=\count441
\tikznumberofchildren=\count442
\tikznumberofcurrentchild=\count443
\tikz@fig@count=\count444

(/Users/thiyangashaminitalagala/Library/TinyTeX/texmf-dist/tex/generic/pgf/modu
les/pgfmodulematrix.code.tex
File: pgfmodulematrix.code.tex 2020/01/08 v3.1.5b (3.1.5b)
\pgfmatrixcurrentrow=\count445
\pgfmatrixcurrentcolumn=\count446
\pgf@matrix@numberofcolumns=\count447
)
\tikz@expandcount=\count448

(/Users/thiyangashaminitalagala/Library/TinyTeX/texmf-dist/tex/generic/pgf/fron
tendlayer/tikz/libraries/tikzlibrarytopaths.code.tex
File: tikzlibrarytopaths.code.tex 2020/01/08 v3.1.5b (3.1.5b)
)))
(/Users/thiyangashaminitalagala/Library/TinyTeX/texmf-dist/tex/generic/pgf/fron
tendlayer/tikz/libraries/tikzlibrarypositioning.code.tex
File: tikzlibrarypositioning.code.tex 2020/01/08 v3.1.5b (3.1.5b)
)
(/Users/thiyangashaminitalagala/Library/TinyTeX/texmf-dist/tex/generic/pgf/fron
tendlayer/tikz/libraries/tikzlibraryshadows.code.tex
File: tikzlibraryshadows.code.tex 2020/01/08 v3.1.5b (3.1.5b)

(/Users/thiyangashaminitalagala/Library/TinyTeX/texmf-dist/tex/generic/pgf/fron
tendlayer/tikz/libraries/tikzlibraryfadings.code.tex
File: tikzlibraryfadings.code.tex 2020/01/08 v3.1.5b (3.1.5b)

(/Users/thiyangashaminitalagala/Library/TinyTeX/texmf-dist/tex/generic/pgf/libr
aries/pgflibraryfadings.code.tex
File: pgflibraryfadings.code.tex 2020/01/08 v3.1.5b (3.1.5b)
)))
\c@@todonotes@numberoftodonotes=\count449
)
(/Users/thiyangashaminitalagala/Library/TinyTeX/texmf-dist/tex/latex/ctable/cta
ble.sty
Package: ctable 2015/10/17 v1.31 ctable package for flexible typesetting of tab
le and figure floats using key/value directives

(/Users/thiyangashaminitalagala/Library/TinyTeX/texmf-dist/tex/generic/iftex/if
pdf.sty
Package: ifpdf 2019/10/25 v3.4 ifpdf legacy package. Use iftex instead.
)
(/Users/thiyangashaminitalagala/Library/TinyTeX/texmf-dist/tex/latex/tools/arra
y.sty
Package: array 2019/08/31 v2.4l Tabular extension package (FMi)
\col@sep=\dimen308
\ar@mcellbox=\box68
\extrarowheight=\dimen309
\NC@list=\toks52
\extratabsurround=\skip105
\backup@length=\skip106
\ar@cellbox=\box69
)
(/Users/thiyangashaminitalagala/Library/TinyTeX/texmf-dist/tex/latex/tools/tabu
larx.sty
Package: tabularx 2020/01/15 v2.11c `tabularx' package (DPC)
\TX@col@width=\dimen310
\TX@old@table=\dimen311
\TX@old@col=\dimen312
\TX@target=\dimen313
\TX@delta=\dimen314
\TX@cols=\count450
\TX@ftn=\toks53
)
(/Users/thiyangashaminitalagala/Library/TinyTeX/texmf-dist/tex/latex/graphics/r
otating.sty
Package: rotating 2016/08/11 v2.16d rotated objects in LaTeX
\c@r@tfl@t=\count451
\rotFPtop=\skip107
\rotFPbot=\skip108
\rot@float@box=\box70
\rot@mess@toks=\toks54
)

Package ctable Warning:  Transparency disabled: incompatible with tikz package 
 on input line 36.

\@CTframesep=\dimen315
\@dfltCTframesep=\dimen316
\@CTframerule=\dimen317
\@dfltCTframerule=\dimen318
\@CTwidth=\dimen319
\@dfltCTwidth=\dimen320
\@CTcaptionskip=\dimen321
\@dfltCTcaptionskip=\dimen322
\@CTmaxwidth=\dimen323
\@dfltCTmaxwidth=\dimen324
\@CTmincapwidth=\dimen325
\@dfltCTmincapwidth=\dimen326
\@CTfooterwidth=\dimen327
\@dfltCTfooterwidth=\dimen328
\@CTw=\dimen329
\@CTfloatwidth=\dimen330
\@CToldsep=\dimen331
\@CToldrule=\dimen332
\CT@t=\box71
\@CTcurftwidth=\dimen333
)
(/Users/thiyangashaminitalagala/Library/TinyTeX/texmf-dist/tex/latex/multirow/m
ultirow.sty
Package: multirow 2019/05/31 v2.5 Span multiple rows of a table
\multirow@colwidth=\skip109
\multirow@cntb=\count452
\multirow@dima=\skip110
\bigstrutjot=\dimen334
)
(/Users/thiyangashaminitalagala/Library/TinyTeX/texmf-dist/tex/latex/graphics/l
scape.sty
Package: lscape 2000/10/22 v3.01 Landscape Pages (DPC)
)
(/Users/thiyangashaminitalagala/Library/TinyTeX/texmf-dist/tex/latex/threepartt
able/threeparttable.sty
Package: threeparttable 2003/06/13  v 3.0
\@tempboxb=\box72
)
\@quotelevel=\count453
\@quotereset=\count454
(./fforms.aux)
\openout1 = `fforms.aux'.

LaTeX Font Info:    Checking defaults for OML/cmm/m/it on input line 315.
LaTeX Font Info:    ... okay on input line 315.
LaTeX Font Info:    Checking defaults for OMS/cmsy/m/n on input line 315.
LaTeX Font Info:    ... okay on input line 315.
LaTeX Font Info:    Checking defaults for OT1/cmr/m/n on input line 315.
LaTeX Font Info:    ... okay on input line 315.
LaTeX Font Info:    Checking defaults for T1/cmr/m/n on input line 315.
LaTeX Font Info:    ... okay on input line 315.
LaTeX Font Info:    Checking defaults for TS1/cmr/m/n on input line 315.
LaTeX Font Info:    ... okay on input line 315.
LaTeX Font Info:    Checking defaults for OMX/cmex/m/n on input line 315.
LaTeX Font Info:    ... okay on input line 315.
LaTeX Font Info:    Checking defaults for U/cmr/m/n on input line 315.
LaTeX Font Info:    ... okay on input line 315.
LaTeX Font Info:    Checking defaults for PD1/pdf/m/n on input line 315.
LaTeX Font Info:    ... okay on input line 315.
LaTeX Font Info:    Checking defaults for PU/pdf/m/n on input line 315.
LaTeX Font Info:    ... okay on input line 315.
LaTeX Info: Redefining \microtypecontext on input line 315.
Package microtype Info: Generating PDF output.
Package microtype Info: Character protrusion enabled (level 2).
Package microtype Info: Using protrusion set `basicmath'.
Package microtype Info: Automatic font expansion enabled (level 2),
(microtype)             stretch: 20, shrink: 20, step: 1, non-selected.
Package microtype Info: Using default expansion set `basictext'.
LaTeX Info: Redefining \showhyphens on input line 315.
Package microtype Info: No adjustment of tracking.
Package microtype Info: No adjustment of interword spacing.
Package microtype Info: No adjustment of character kerning.

(/Users/thiyangashaminitalagala/Library/TinyTeX/texmf-dist/tex/latex/microtype/
mt-ppl.cfg
File: mt-ppl.cfg 2005/11/16 v1.6 microtype config. file: Palatino (RS)
)
\AtBeginShipoutBox=\box73
Package hyperref Info: Link coloring ON on input line 315.

(/Users/thiyangashaminitalagala/Library/TinyTeX/texmf-dist/tex/latex/hyperref/n
ameref.sty
Package: nameref 2019/09/16 v2.46 Cross-referencing by name of section

(/Users/thiyangashaminitalagala/Library/TinyTeX/texmf-dist/tex/latex/refcount/r
efcount.sty
Package: refcount 2019/12/15 v3.6 Data extraction from label references (HO)
)
(/Users/thiyangashaminitalagala/Library/TinyTeX/texmf-dist/tex/generic/gettitle
string/gettitlestring.sty
Package: gettitlestring 2019/12/15 v1.6 Cleanup title references (HO)
)
\c@section@level=\count455
)
LaTeX Info: Redefining \ref on input line 315.
LaTeX Info: Redefining \pageref on input line 315.
LaTeX Info: Redefining \nameref on input line 315.
(./fforms.out) (./fforms.out)
\@outlinefile=\write5
\openout5 = `fforms.out'.

*geometry* driver: auto-detecting
*geometry* detected driver: pdftex
*geometry* verbose mode - [ preamble ] result:
* driver: pdftex
* paper: a4paper
* layout: <same size as paper>
* layoutoffset:(h,v)=(0.0pt,0.0pt)
* modes: 
* h-part:(L,W,R)=(71.13188pt, 455.24411pt, 71.13188pt)
* v-part:(T,H,B)=(71.13188pt, 702.78308pt, 71.13188pt)
* \paperwidth=597.50787pt
* \paperheight=845.04684pt
* \textwidth=455.24411pt
* \textheight=702.78308pt
* \oddsidemargin=-1.1381pt
* \evensidemargin=-1.1381pt
* \topmargin=-38.1381pt
* \headheight=15.0pt
* \headsep=25.0pt
* \topskip=11.0pt
* \footskip=30.0pt
* \marginparwidth=50.0pt
* \marginparsep=10.0pt
* \columnsep=10.0pt
* \skip\footins=10.0pt plus 4.0pt minus 2.0pt
* \hoffset=0.0pt
* \voffset=0.0pt
* \mag=1000
* \@twocolumnfalse
* \@twosidefalse
* \@mparswitchfalse
* \@reversemarginfalse
* (1in=72.27pt=25.4mm, 1cm=28.453pt)

Package biblatex Info: Trying to load language 'english'...
Package biblatex Info: ... file 'english.lbx' found.

(/Users/thiyangashaminitalagala/Library/TinyTeX/texmf-dist/tex/latex/biblatex/l
bx/english.lbx
File: english.lbx 2019/12/01 v3.14 biblatex localization (PK/MW)
)
Package biblatex Info: Input encoding 'utf8' detected.
Package biblatex Info: Data encoding 'utf8' specified.
(biblatex)             No need to reencode data.
\openout3 = `fforms.bcf'.

Package biblatex Info: Trying to load bibliographic data...
Package biblatex Info: ... file 'fforms.bbl' found.
(./fforms.bbl)
Package biblatex Info: Reference section=0 on input line 315.
Package biblatex Info: Reference segment=0 on input line 315.
Package caption Info: Begin \AtBeginDocument code.
Package caption Info: float package is loaded.
Package caption Info: rotating package is loaded.
Package caption Info: threeparttable package is loaded.
Package caption Info: End \AtBeginDocument code.

(/Users/thiyangashaminitalagala/Library/TinyTeX/texmf-dist/tex/latex/epstopdf-p
kg/epstopdf-base.sty
Package: epstopdf-base 2020-01-24 v2.11 Base part for package epstopdf
Package epstopdf-base Info: Redefining graphics rule for `.eps' on input line 4
85.

(/Users/thiyangashaminitalagala/Library/TinyTeX/texmf-dist/tex/latex/latexconfi
g/epstopdf-sys.cfg
File: epstopdf-sys.cfg 2010/07/13 v1.3 Configuration of (r)epstopdf for TeX Liv
e
)) ABD: EveryShipout initializing macros

Package todonotes Warning: The length marginparwidth is less than 2cm and will 
most likely cause issues with the appearance of inserted todonotes. The issue c
an be solved by adding a line like \setlength {\marginparwidth }{2cm} prior to 
loading the todonotes package. on input line 315.

LaTeX Font Info:    Trying to load font information for T1+fvs on input line 31
6.

(/Users/thiyangashaminitalagala/Library/TinyTeX/texmf-dist/tex/latex/bera/t1fvs
.fd
File: t1fvs.fd 2004/09/07 scalable font definitions for T1/fvs.
)
LaTeX Font Info:    Font shape `T1/fvs/m/n' will be
(Font)              scaled to size 9.85492pt on input line 316.
Package microtype Info: Loading generic protrusion settings for font family
(microtype)             `fvs' (encoding: T1).
(microtype)             For optimal results, create family-specific settings.
(microtype)             See the microtype manual for details.
LaTeX Font Info:    Font shape `T1/fvs/m/n' will be
(Font)              scaled to size 22.39185pt on input line 316.
LaTeX Font Info:    Font shape `T1/fvs/b/n' will be
(Font)              scaled to size 22.39185pt on input line 316.
LaTeX Font Info:    Font shape `T1/fvs/b/n' will be
(Font)              scaled to size 9.85492pt on input line 317.
LaTeX Font Info:    Trying to load font information for OT1+ppl on input line 3
19.

(/Users/thiyangashaminitalagala/Library/TinyTeX/texmf-dist/tex/latex/psnfss/ot1
ppl.fd
File: ot1ppl.fd 2001/06/04 font definitions for OT1/ppl.
)
LaTeX Font Info:    Trying to load font information for OML+zplm on input line 
319.

(/Users/thiyangashaminitalagala/Library/TinyTeX/texmf-dist/tex/latex/psnfss/oml
zplm.fd
File: omlzplm.fd 2002/09/08 Fontinst v1.914 font definitions for OML/zplm.
)
LaTeX Font Info:    Trying to load font information for OMS+zplm on input line 
319.

(/Users/thiyangashaminitalagala/Library/TinyTeX/texmf-dist/tex/latex/psnfss/oms
zplm.fd
File: omszplm.fd 2002/09/08 Fontinst v1.914 font definitions for OMS/zplm.
)
LaTeX Font Info:    Trying to load font information for OMX+zplm on input line 
319.

(/Users/thiyangashaminitalagala/Library/TinyTeX/texmf-dist/tex/latex/psnfss/omx
zplm.fd
File: omxzplm.fd 2002/09/08 Fontinst v1.914 font definitions for OMX/zplm.
)
LaTeX Font Info:    Font shape `U/msa/m/n' will be
(Font)              scaled to size 11.40997pt on input line 319.

(/Users/thiyangashaminitalagala/Library/TinyTeX/texmf-dist/tex/latex/microtype/
mt-msa.cfg
File: mt-msa.cfg 2006/02/04 v1.1 microtype config. file: AMS symbols (a) (RS)
)
LaTeX Font Info:    Font shape `U/msa/m/n' will be
(Font)              scaled to size 8.33606pt on input line 319.
LaTeX Font Info:    Font shape `U/msa/m/n' will be
(Font)              scaled to size 6.25204pt on input line 319.
LaTeX Font Info:    Font shape `U/msb/m/n' will be
(Font)              scaled to size 11.40997pt on input line 319.

(/Users/thiyangashaminitalagala/Library/TinyTeX/texmf-dist/tex/latex/microtype/
mt-msb.cfg
File: mt-msb.cfg 2005/06/01 v1.0 microtype config. file: AMS symbols (b) (RS)
)
LaTeX Font Info:    Font shape `U/msb/m/n' will be
(Font)              scaled to size 8.33606pt on input line 319.
LaTeX Font Info:    Font shape `U/msb/m/n' will be
(Font)              scaled to size 6.25204pt on input line 319.
LaTeX Font Info:    Trying to load font information for OT1+zplm on input line 
319.

(/Users/thiyangashaminitalagala/Library/TinyTeX/texmf-dist/tex/latex/psnfss/ot1
zplm.fd
File: ot1zplm.fd 2002/09/08 Fontinst v1.914 font definitions for OT1/zplm.
)
LaTeX Font Info:    Font shape `T1/fvs/b/n' will be
(Font)              scaled to size 13.49991pt on input line 325.
[1

{/Users/thiyangashaminitalagala/Library/TinyTeX/texmf-var/fonts/map/pdftex/updm
ap/pdftex.map}]
LaTeX Font Info:    Trying to load font information for T1+fvm on input line 33
1.

(/Users/thiyangashaminitalagala/Library/TinyTeX/texmf-dist/tex/latex/bera/t1fvm
.fd
File: t1fvm.fd 2004/09/07 scalable font definitions for T1/fvm.
)
LaTeX Font Info:    Font shape `T1/fvm/m/n' will be
(Font)              scaled to size 9.85492pt on input line 331.
LaTeX Font Info:    Font shape `T1/fvs/m/n' will be
(Font)              scaled to size 12.9599pt on input line 340.
LaTeX Font Info:    Font shape `T1/fvs/b/n' will be
(Font)              scaled to size 12.9599pt on input line 340.
[2] [3]
LaTeX Font Info:    Font shape `T1/fvs/b/n' will be
(Font)              scaled to size 10.79993pt on input line 374.
[4]
<figure/fig1-1.pdf, id=242, 722.7pt x 361.35pt>
File: figure/fig1-1.pdf Graphic file (type pdf)
<use figure/fig1-1.pdf>
Package pdftex.def Info: figure/fig1-1.pdf  used on input line 382.
(pdftex.def)             Requested size: 455.24411pt x 227.62413pt.
<images/RiceFramework.png, id=244, 818.30719pt x 401.24907pt>
File: images/RiceFramework.png Graphic file (type png)
<use images/RiceFramework.png>
Package pdftex.def Info: images/RiceFramework.png  used on input line 396.
(pdftex.def)             Requested size: 273.14923pt x 133.9371pt.
[5 <./figure/fig1-1.pdf> <./images/RiceFramework.png>] [6] [7]
<images/framework.png, id=291, 1156.32pt x 650.43pt>
File: images/framework.png Graphic file (type png)
<use images/framework.png>
Package pdftex.def Info: images/framework.png  used on input line 441.
(pdftex.def)             Requested size: 500.77129pt x 281.68425pt.

Overfull \hbox (45.52718pt too wide) in paragraph at lines 441--442
 [][] 
 []

[8 <./images/framework.png>]
Package hyperref Info: bookmark level for unknown algorithm defaults to 0 on in
put line 453.
LaTeX Font Info:    Font shape `U/msa/m/n' will be
(Font)              scaled to size 9.37807pt on input line 458.
LaTeX Font Info:    Font shape `U/msa/m/n' will be
(Font)              scaled to size 7.29405pt on input line 458.
LaTeX Font Info:    Font shape `U/msa/m/n' will be
(Font)              scaled to size 5.21004pt on input line 458.
LaTeX Font Info:    Font shape `U/msb/m/n' will be
(Font)              scaled to size 9.37807pt on input line 458.
LaTeX Font Info:    Font shape `U/msb/m/n' will be
(Font)              scaled to size 7.29405pt on input line 458.
LaTeX Font Info:    Font shape `U/msb/m/n' will be
(Font)              scaled to size 5.21004pt on input line 458.
[9] [10] [11]
Overfull \hbox (5.04176pt too wide) in paragraph at lines 569--591
 [][] 
 []

[12] [13] [14] [15] [16] [17]
<figure/yearlyoob-1.png, id=399, 1445.4pt x 2023.56pt>
File: figure/yearlyoob-1.png Graphic file (type png)
<use figure/yearlyoob-1.png>
Package pdftex.def Info: figure/yearlyoob-1.png  used on input line 728.
(pdftex.def)             Requested size: 455.24411pt x 637.33215pt.

LaTeX Warning: Float too large for page by 4.54907pt on input line 733.

[18]

LaTeX Warning: `h' float specifier changed to `ht'.

[19] [20 <./figure/yearlyoob-1.png>]
<figure/viplot-1.pdf, id=417, 1445.4pt x 1300.86pt>
File: figure/viplot-1.pdf Graphic file (type pdf)
<use figure/viplot-1.pdf>
Package pdftex.def Info: figure/viplot-1.pdf  used on input line 742.
(pdftex.def)             Requested size: 455.24411pt x 409.71353pt.
[21

 <./figure/viplot-1.pdf>] [22]
<figure/pdpyearlyurpp-1.pdf, id=456, 1084.05pt x 325.215pt>
File: figure/pdpyearlyurpp-1.pdf Graphic file (type pdf)
<use figure/pdpyearlyurpp-1.pdf>
Package pdftex.def Info: figure/pdpyearlyurpp-1.pdf  used on input line 767.
(pdftex.def)             Requested size: 455.24411pt x 136.57448pt.

LaTeX Warning: `h' float specifier changed to `ht'.

<figure/pdpmonthlyseasonality-1.pdf, id=457, 1084.05pt x 433.62pt>
File: figure/pdpmonthlyseasonality-1.pdf Graphic file (type pdf)
<use figure/pdpmonthlyseasonality-1.pdf>
Package pdftex.def Info: figure/pdpmonthlyseasonality-1.pdf  used on input line
 776.
(pdftex.def)             Requested size: 455.24411pt x 182.0993pt.

LaTeX Warning: `h' float specifier changed to `ht'.

<figure/pdpmonthlyT-1.pdf, id=458, 1084.05pt x 325.215pt>
File: figure/pdpmonthlyT-1.pdf Graphic file (type pdf)
<use figure/pdpmonthlyT-1.pdf>
Package pdftex.def Info: figure/pdpmonthlyT-1.pdf  used on input line 785.
(pdftex.def)             Requested size: 455.24411pt x 136.57448pt.

LaTeX Warning: `h' float specifier changed to `ht'.

<figure/seasonalityhourly-1.pdf, id=459, 1445.4pt x 361.35pt>
File: figure/seasonalityhourly-1.pdf Graphic file (type pdf)
<use figure/seasonalityhourly-1.pdf>
Package pdftex.def Info: figure/seasonalityhourly-1.pdf  used on input line 794
.
(pdftex.def)             Requested size: 455.24411pt x 113.80931pt.

LaTeX Warning: `h' float specifier changed to `ht'.

<figure/entropyhourly-1.pdf, id=460, 1445.4pt x 361.35pt>
File: figure/entropyhourly-1.pdf Graphic file (type pdf)
<use figure/entropyhourly-1.pdf>
Package pdftex.def Info: figure/entropyhourly-1.pdf  used on input line 803.
(pdftex.def)             Requested size: 455.24411pt x 113.80931pt.

LaTeX Warning: `h' float specifier changed to `ht'.

<figure/curvaturehourly-1.pdf, id=461, 1084.05pt x 325.215pt>
File: figure/curvaturehourly-1.pdf Graphic file (type pdf)
<use figure/curvaturehourly-1.pdf>
Package pdftex.def Info: figure/curvaturehourly-1.pdf  used on input line 812.
(pdftex.def)             Requested size: 455.24411pt x 136.57448pt.

LaTeX Warning: `h' float specifier changed to `ht'.

<figure/pdpmonthlyhourlyStability-1.pdf, id=462, 1084.05pt x 325.215pt>
File: figure/pdpmonthlyhourlyStability-1.pdf Graphic file (type pdf)
<use figure/pdpmonthlyhourlyStability-1.pdf>
Package pdftex.def Info: figure/pdpmonthlyhourlyStability-1.pdf  used on input 
line 821.
(pdftex.def)             Requested size: 455.24411pt x 136.57448pt.

LaTeX Warning: `h' float specifier changed to `ht'.

<figure/diff1yacf1-1.pdf, id=463, 1084.05pt x 325.215pt>
File: figure/diff1yacf1-1.pdf Graphic file (type pdf)
<use figure/diff1yacf1-1.pdf>
Package pdftex.def Info: figure/diff1yacf1-1.pdf  used on input line 830.
(pdftex.def)             Requested size: 455.24411pt x 136.57448pt.

LaTeX Warning: `h' float specifier changed to `ht'.

<figure/ypacf5-1.pdf, id=464, 1084.05pt x 325.215pt>
File: figure/ypacf5-1.pdf Graphic file (type pdf)
<use figure/ypacf5-1.pdf>
Package pdftex.def Info: figure/ypacf5-1.pdf  used on input line 839.
(pdftex.def)             Requested size: 455.24411pt x 136.57448pt.

LaTeX Warning: `h' float specifier changed to `ht'.

<figure/pdpyearlytrend-1.pdf, id=465, 1084.05pt x 433.62pt>
File: figure/pdpyearlytrend-1.pdf Graphic file (type pdf)
<use figure/pdpyearlytrend-1.pdf>
Package pdftex.def Info: figure/pdpyearlytrend-1.pdf  used on input line 848.
(pdftex.def)             Requested size: 455.24411pt x 182.0993pt.

LaTeX Warning: `h' float specifier changed to `ht'.

[23] [24 <./figure/pdpyearlyurpp-1.pdf> <./figure/pdpmonthlyseasonality-1.pdf> 
<./figure/pdpmonthlyT-1.pdf>] [25 <./figure/seasonalityhourly-1.pdf> <./figure/
entropyhourly-1.pdf> <./figure/curvaturehourly-1.pdf> <./figure/pdpmonthlyhourl
yStability-1.pdf>] [26 <./figure/diff1yacf1-1.pdf> <./figure/ypacf5-1.pdf> <./f
igure/pdpyearlytrend-1.pdf>]
<figure/linearity-1.pdf, id=570, 1084.05pt x 578.16pt>
File: figure/linearity-1.pdf Graphic file (type pdf)
<use figure/linearity-1.pdf>
Package pdftex.def Info: figure/linearity-1.pdf  used on input line 859.
(pdftex.def)             Requested size: 455.24411pt x 242.79907pt.
<figure/y2dpdp-1.pdf, id=571, 1084.05pt x 433.62pt>
File: figure/y2dpdp-1.pdf Graphic file (type pdf)
<use figure/y2dpdp-1.pdf>
Package pdftex.def Info: figure/y2dpdp-1.pdf  used on input line 868.
(pdftex.def)             Requested size: 455.24411pt x 182.0993pt.
[27

 <./figure/linearity-1.pdf> <./figure/y2dpdp-1.pdf>]
<figure/m2dpdp-1.pdf, id=623, 722.7pt x 650.43pt>
File: figure/m2dpdp-1.pdf Graphic file (type pdf)
<use figure/m2dpdp-1.pdf>
Package pdftex.def Info: figure/m2dpdp-1.pdf  used on input line 879.
(pdftex.def)             Requested size: 455.24411pt x 409.72343pt.
[28 <./figure/m2dpdp-1.pdf>]
<figure/h2dpdp-1.pdf, id=666, 650.43pt x 144.54pt>
File: figure/h2dpdp-1.pdf Graphic file (type pdf)
<use figure/h2dpdp-1.pdf>
Package pdftex.def Info: figure/h2dpdp-1.pdf  used on input line 890.
(pdftex.def)             Requested size: 455.24411pt x 101.16847pt.
<figure/thetapdp-1.pdf, id=667, 1084.05pt x 289.08pt>
File: figure/thetapdp-1.pdf Graphic file (type pdf)
<use figure/thetapdp-1.pdf>
Package pdftex.def Info: figure/thetapdp-1.pdf  used on input line 899.
(pdftex.def)             Requested size: 455.24411pt x 121.39954pt.
<figure/pcayearly-1.png, id=672, 1445.4pt x 433.62pt>
File: figure/pcayearly-1.png Graphic file (type png)
<use figure/pcayearly-1.png>
Package pdftex.def Info: figure/pcayearly-1.png  used on input line 910.
(pdftex.def)             Requested size: 455.24411pt x 136.57117pt.
[29

 <./figure/h2dpdp-1.pdf> <./figure/thetapdp-1.pdf>]
<figure/pcamonthly-1.png, id=702, 1445.4pt x 433.62pt>
File: figure/pcamonthly-1.png Graphic file (type png)
<use figure/pcamonthly-1.png>
Package pdftex.def Info: figure/pcamonthly-1.png  used on input line 919.
(pdftex.def)             Requested size: 455.24411pt x 136.57117pt.
<figure/pcahourly-1.png, id=703, 1445.4pt x 433.62pt>
File: figure/pcahourly-1.png Graphic file (type png)
<use figure/pcahourly-1.png>
Package pdftex.def Info: figure/pcahourly-1.png  used on input line 928.
(pdftex.def)             Requested size: 455.24411pt x 136.57117pt.
[30 <./figure/pcayearly-1.png> <./figure/pcamonthly-1.png> <./figure/pcahourly-
1.png>] [31]

Package hyperref Warning: Difference (2) between bookmark levels is greater 
(hyperref)                than one, level fixed on input line 962.


Package hyperref Warning: The anchor of a bookmark and its parent's must not
(hyperref)                be the same. Added a new anchor on input line 962.

[32] [33] [34] [35] [36] [37] [38]
Package atveryend Info: Empty hook `BeforeClearDocument' on input line 1054.
Package atveryend Info: Empty hook `AfterLastShipout' on input line 1054.
(./fforms.aux)
Package atveryend Info: Executing hook `AtVeryEndDocument' on input line 1054.
Package atveryend Info: Executing hook `AtEndAfterFileList' on input line 1054.

Package rerunfilecheck Info: File `fforms.out' has not changed.
(rerunfilecheck)             Checksum: A43F9E775962A6FC874305F4E4505F1A;9412.
Package logreq Info: Writing requests to 'fforms.run.xml'.
\openout1 = `fforms.run.xml'.

Package atveryend Info: Empty hook `AtVeryVeryEnd' on input line 1054.
 )
(\end occurred inside a group at level 1)

### semi simple group (level 1) entered at line 178 (\begingroup)
### bottom level 
Here is how much of TeX's memory you used:
 34815 strings out of 483192
 645895 string characters out of 5964248
 1312651 words of memory out of 5000000
 48666 multiletter control sequences out of 15000+600000
 640090 words of font info for 352 fonts, out of 8000000 for 9000
 14 hyphenation exceptions out of 8191
 68i,15n,90p,1919b,15481s stack positions out of 5000i,500n,10000p,200000b,80000s
{/Users/thiyangashaminitalagala/Library/TinyTeX/texmf-dist/font
s/enc/dvips/base/8r.enc}</Users/thiyangashaminitalagala/Library/TinyTeX/texmf-d
ist/fonts/type1/public/amsfonts/cm/cmex10.pfb></Users/thiyangashaminitalagala/L
ibrary/TinyTeX/texmf-dist/fonts/type1/public/amsfonts/cm/cmmi10.pfb></Users/thi
yangashaminitalagala/Library/TinyTeX/texmf-dist/fonts/type1/public/amsfonts/cm/
cmr10.pfb></Users/thiyangashaminitalagala/Library/TinyTeX/texmf-dist/fonts/type
1/public/amsfonts/cm/cmsy10.pfb></Users/thiyangashaminitalagala/Library/TinyTeX
/texmf-dist/fonts/type1/public/mathpazo/fplmr.pfb></Users/thiyangashaminitalaga
la/Library/TinyTeX/texmf-dist/fonts/type1/public/mathpazo/fplmri.pfb></Users/th
iyangashaminitalagala/Library/TinyTeX/texmf-dist/fonts/type1/public/bera/fvmr8a
.pfb></Users/thiyangashaminitalagala/Library/TinyTeX/texmf-dist/fonts/type1/pub
lic/bera/fvsb8a.pfb></Users/thiyangashaminitalagala/Library/TinyTeX/texmf-dist/
fonts/type1/public/bera/fvsr8a.pfb></Users/thiyangashaminitalagala/Library/Tiny
TeX/texmf-dist/fonts/type1/public/amsfonts/symbols/msam10.pfb></Users/thiyangas
haminitalagala/Library/TinyTeX/texmf-dist/fonts/type1/urw/palatino/uplb8a.pfb><
/Users/thiyangashaminitalagala/Library/TinyTeX/texmf-dist/fonts/type1/urw/palat
ino/uplr8a.pfb></Users/thiyangashaminitalagala/Library/TinyTeX/texmf-dist/fonts
/type1/urw/palatino/uplri8a.pfb>
Output written on fforms.pdf (38 pages, 1469795 bytes).
PDF statistics:
 906 PDF objects out of 1000 (max. 8388607)
 720 compressed objects within 8 object streams
 184 named destinations out of 1000 (max. 500000)
 31224 words of extra memory for PDF output out of 35830 (max. 10000000)

