\BOOKMARK [1][]{section.1}{\376\377\0001\000\040\000I\000n\000t\000r\000o\000d\000u\000c\000t\000i\000o\000n}{}% 1
\BOOKMARK [1][]{section.2}{\376\377\0002\000\040\000L\000i\000t\000e\000r\000a\000t\000u\000r\000e\000\040\000r\000e\000v\000i\000e\000w}{}% 2
\BOOKMARK [2][]{subsection.2.1}{\376\377\0002\000.\0001\000\040\000T\000i\000m\000e\000\040\000s\000e\000r\000i\000e\000s\000\040\000f\000e\000a\000t\000u\000r\000e\000s}{section.2}% 3
\BOOKMARK [2][]{subsection.2.2}{\376\377\0002\000.\0002\000\040\000M\000e\000t\000a\000-\000l\000e\000a\000r\000n\000i\000n\000g\000\040\000f\000o\000r\000\040\000a\000l\000g\000o\000r\000i\000t\000h\000m\000\040\000s\000e\000l\000e\000c\000t\000i\000o\000n}{section.2}% 4
\BOOKMARK [2][]{subsection.2.3}{\376\377\0002\000.\0003\000\040\000F\000o\000r\000e\000c\000a\000s\000t\000-\000m\000o\000d\000e\000l\000\040\000s\000e\000l\000e\000c\000t\000i\000o\000n\000\040\000u\000s\000i\000n\000g\000\040\000m\000e\000t\000a\000-\000l\000e\000a\000r\000n\000i\000n\000g}{section.2}% 5
\BOOKMARK [1][]{section.3}{\376\377\0003\000\040\000M\000e\000t\000h\000o\000d\000o\000l\000o\000g\000y}{}% 6
\BOOKMARK [2][]{subsection.3.1}{\376\377\0003\000.\0001\000\040\000A\000u\000g\000m\000e\000n\000t\000i\000n\000g\000\040\000t\000h\000e\000\040\000o\000b\000s\000e\000r\000v\000e\000d\000\040\000s\000a\000m\000p\000l\000e\000\040\000w\000i\000t\000h\000\040\000s\000i\000m\000u\000l\000a\000t\000e\000d\000\040\000t\000i\000m\000e\000\040\000s\000e\000r\000i\000e\000s}{section.3}% 7
\BOOKMARK [2][]{subsection.3.2}{\376\377\0003\000.\0002\000\040\000I\000n\000p\000u\000t\000:\000\040\000f\000e\000a\000t\000u\000r\000e\000s}{section.3}% 8
\BOOKMARK [2][]{subsection.3.3}{\376\377\0003\000.\0003\000\040\000O\000u\000t\000p\000u\000t\000:\000\040\000l\000a\000b\000e\000l\000s}{section.3}% 9
\BOOKMARK [2][]{subsection.3.4}{\376\377\0003\000.\0004\000\040\000T\000r\000a\000i\000n\000\040\000a\000\040\000F\000F\000O\000R\000M\000S\000\040\000m\000e\000t\000a\000-\000l\000e\000a\000r\000n\000e\000r}{section.3}% 10
\BOOKMARK [1][]{section.4}{\376\377\0004\000\040\000P\000e\000e\000k\000i\000n\000g\000\040\000i\000n\000s\000i\000d\000e\000\040\000F\000F\000O\000R\000M\000S}{}% 11
\BOOKMARK [2][]{subsection.4.1}{\376\377\0004\000.\0001\000\040\000V\000i\000s\000u\000a\000l\000i\000s\000e\000\040\000p\000a\000t\000t\000e\000r\000n\000s\000\040\000l\000e\000a\000r\000n\000e\000d\000\040\000b\000y\000\040\000t\000h\000e\000\040\000m\000e\000t\000a\000-\000l\000e\000a\000r\000n\000e\000r}{section.4}% 12
\BOOKMARK [2][]{subsection.4.2}{\376\377\0004\000.\0002\000\040\000F\000e\000a\000t\000u\000r\000e\000\040\000i\000m\000p\000o\000r\000t\000a\000n\000c\000e}{section.4}% 13
\BOOKMARK [3][]{subsubsection.4.2.1}{\376\377\0004\000.\0002\000.\0001\000\040\000P\000e\000r\000m\000u\000t\000a\000t\000i\000o\000n\000-\000b\000a\000s\000e\000d\000\040\000v\000a\000r\000i\000a\000b\000l\000e\000\040\000i\000m\000p\000o\000r\000t\000a\000n\000c\000e\000\040\000m\000e\000a\000s\000u\000r\000e}{subsection.4.2}% 14
\BOOKMARK [3][]{subsubsection.4.2.2}{\376\377\0004\000.\0002\000.\0002\000\040\000P\000a\000r\000t\000i\000a\000l\000\040\000d\000e\000p\000e\000n\000d\000e\000n\000c\000e\000\040\000p\000l\000o\000t\000\040\000\050\000P\000D\000P\000\051\000\040\000a\000n\000d\000\040\000v\000a\000r\000i\000a\000b\000l\000e\000\040\000i\000m\000p\000o\000r\000t\000a\000n\000c\000e\000\040\000m\000e\000a\000s\000u\000r\000e\000\040\000b\000a\000s\000e\000d\000\040\000o\000n\000\040\000P\000D\000P}{subsection.4.2}% 15
\BOOKMARK [3][]{subsubsection.4.2.3}{\376\377\0004\000.\0002\000.\0003\000\040\000I\000n\000d\000i\000v\000i\000d\000u\000a\000l\000\040\000c\000o\000n\000d\000i\000t\000i\000o\000n\000a\000l\000\040\000e\000x\000p\000e\000c\000t\000a\000t\000i\000o\000n\000\040\000\050\000I\000C\000E\000\051\000\040\000c\000u\000r\000v\000e\000s\000\040\000a\000n\000d\000\040\000v\000a\000r\000i\000a\000b\000l\000e\000\040\000i\000m\000p\000o\000r\000t\000a\000n\000c\000e\000\040\000m\000e\000a\000s\000u\000r\000e\000\040\000b\000a\000s\000e\000d\000\040\000o\000n\000\040\000I\000C\000E\000\040\000c\000u\000r\000v\000e\000s}{subsection.4.2}% 16
\BOOKMARK [3][]{subsubsection.4.2.4}{\376\377\0004\000.\0002\000.\0004\000\040\000R\000a\000n\000k\000i\000n\000g\000\040\000o\000f\000\040\000f\000e\000a\000t\000u\000r\000e\000s\000\040\000b\000a\000s\000e\000d\000\040\000o\000n\000\040\000f\000e\000a\000t\000u\000r\000e\000\040\000i\000m\000p\000o\000r\000t\000a\000n\000c\000e\000\040\000m\000e\000a\000s\000u\000r\000e\000s}{subsection.4.2}% 17
\BOOKMARK [2][]{subsection.4.3}{\376\377\0004\000.\0003\000\040\000R\000e\000l\000a\000t\000i\000o\000n\000s\000h\000i\000p\000\040\000b\000e\000t\000w\000e\000e\000n\000\040\000m\000o\000s\000t\000\040\000i\000m\000p\000o\000r\000t\000a\000n\000t\000\040\000f\000e\000a\000t\000u\000r\000e\000s\000\040\000a\000n\000d\000\040\000t\000h\000e\000\040\000c\000h\000o\000i\000c\000e\000\040\000o\000f\000\040\000f\000o\000r\000e\000c\000a\000s\000t\000\040\000m\000o\000d\000e\000l\000\040\000s\000e\000l\000e\000c\000t\000i\000o\000n}{section.4}% 18
\BOOKMARK [1][]{section.5}{\376\377\0005\000\040\000R\000e\000s\000u\000l\000t\000s}{}% 19
\BOOKMARK [2][]{subsection.5.1}{\376\377\0005\000.\0001\000\040\000A\000p\000p\000l\000i\000c\000a\000t\000i\000o\000n\000\040\000t\000o\000\040\000M\0004\000-\000c\000o\000m\000p\000e\000t\000i\000t\000i\000o\000n\000\040\000d\000a\000t\000a}{section.5}% 20
\BOOKMARK [2][]{subsection.5.2}{\376\377\0005\000.\0002\000\040\000W\000h\000a\000t\000\040\000i\000s\000\040\000h\000a\000p\000p\000e\000n\000i\000n\000g\000\040\000u\000n\000d\000e\000r\000\040\000t\000h\000e\000\040\000h\000o\000o\000d\000\040\000o\000f\000\040\000F\000F\000O\000R\000M\000S\000?}{section.5}% 21
\BOOKMARK [2][]{subsection.5.3}{\376\377\0005\000.\0003\000\040\000V\000i\000s\000u\000a\000l\000i\000s\000a\000t\000i\000o\000n\000\040\000o\000f\000\040\000m\000e\000t\000a\000-\000l\000e\000a\000r\000n\000e\000r\000\040\000\050\000F\000F\000O\000R\000M\000S\000\051\000'\000s\000\040\000u\000n\000d\000e\000r\000s\000t\000a\000n\000d\000i\000n\000g\000\040\000o\000f\000\040\000s\000i\000m\000i\000l\000a\000r\000i\000t\000y\000\040\000a\000n\000d\000\040\000d\000i\000s\000s\000i\000m\000i\000l\000a\000r\000i\000t\000y\000\040\000b\000e\000t\000w\000e\000e\000n\000\040\000f\000o\000r\000e\000c\000a\000s\000t\000\040\000m\000o\000d\000e\000l\000s}{section.5}% 22
\BOOKMARK [2][]{subsection.5.4}{\376\377\0005\000.\0004\000\040\000W\000h\000i\000c\000h\000\040\000f\000e\000a\000t\000u\000r\000e\000s\000\040\000a\000r\000e\000\040\000t\000h\000e\000\040\000m\000o\000s\000t\000\040\000i\000m\000p\000o\000r\000t\000a\000n\000t\000\040\000a\000n\000d\000\040\000w\000h\000e\000r\000e\000\040\000a\000r\000e\000\040\000t\000h\000e\000y\000\040\000i\000m\000p\000o\000r\000t\000a\000n\000t\000?}{section.5}% 23
\BOOKMARK [2][]{subsection.5.5}{\376\377\0005\000.\0005\000\040\000W\000h\000e\000n\000\040\000a\000n\000d\000\040\000h\000o\000w\000\040\000a\000r\000e\000\040\000f\000e\000a\000t\000u\000r\000e\000s\000\040\000l\000i\000n\000k\000e\000d\000\040\000t\000o\000\040\000t\000h\000e\000\040\000p\000r\000e\000d\000i\000c\000t\000i\000o\000n\000\040\000o\000u\000t\000c\000o\000m\000e\000?}{section.5}% 24
\BOOKMARK [1][]{section.6}{\376\377\0006\000\040\000D\000i\000s\000c\000u\000s\000s\000i\000o\000n\000\040\000a\000n\000d\000\040\000c\000o\000n\000c\000l\000u\000s\000i\000o\000n\000s}{}% 25
\BOOKMARK [1][]{section.6}{\376\377\000A\000p\000p\000e\000n\000d\000i\000x\000\040\000A\000:\000\040\000D\000e\000f\000i\000n\000i\000t\000i\000o\000n\000\040\000o\000f\000\040\000f\000e\000a\000t\000u\000r\000e\000s}{}% 26
\BOOKMARK [2][]{section*.27}{\376\377\000L\000e\000n\000g\000t\000h\000\040\000o\000f\000\040\000t\000i\000m\000e\000\040\000s\000e\000r\000i\000e\000s}{section.6}% 27
\BOOKMARK [3][]{section*.27}{\376\377\000F\000e\000a\000t\000u\000r\000e\000s\000\040\000b\000a\000s\000e\000d\000\040\000o\000n\000\040\000a\000n\000\040\000S\000T\000L\000-\000d\000e\000c\000o\000m\000p\000o\000s\000i\000t\000i\000o\000n}{section.6}% 28
\BOOKMARK [3][]{section*.27}{\376\377\000S\000t\000a\000b\000i\000l\000i\000t\000y\000\040\000a\000n\000d\000\040\000l\000u\000m\000p\000i\000n\000e\000s\000s}{section.6}% 29
\BOOKMARK [3][]{section*.27}{\376\377\000S\000p\000e\000c\000t\000r\000a\000l\000\040\000e\000n\000t\000r\000o\000p\000y\000\040\000o\000f\000\040\000a\000\040\000t\000i\000m\000e\000\040\000s\000e\000r\000i\000e\000s}{section.6}% 30
\BOOKMARK [3][]{section*.27}{\376\377\000H\000u\000r\000s\000t\000\040\000e\000x\000p\000o\000n\000e\000n\000t}{section.6}% 31
\BOOKMARK [3][]{section*.27}{\376\377\000N\000o\000n\000l\000i\000n\000e\000a\000r\000i\000t\000y}{section.6}% 32
\BOOKMARK [3][]{section*.27}{\376\377\000P\000a\000r\000a\000m\000e\000t\000e\000r\000\040\000e\000s\000t\000i\000m\000a\000t\000e\000s\000\040\000o\000f\000\040\000a\000n\000\040\000E\000T\000S\000\040\000m\000o\000d\000e\000l}{section.6}% 33
\BOOKMARK [3][]{section*.27}{\376\377\000U\000n\000i\000t\000\040\000r\000o\000o\000t\000\040\000t\000e\000s\000t\000\040\000s\000t\000a\000t\000i\000s\000t\000i\000c\000s}{section.6}% 34
\BOOKMARK [3][]{section*.27}{\376\377\000A\000u\000t\000o\000c\000o\000r\000r\000e\000l\000a\000t\000i\000o\000n\000\040\000c\000o\000e\000f\000f\000i\000c\000i\000e\000n\000t\000\040\000b\000a\000s\000e\000d\000\040\000f\000e\000a\000t\000u\000r\000e\000s}{section.6}% 35
